{"C:\\Users\\khemr\\OneDrive\\Desktop\\lms\\server\\src\\app.js": {"path":"C:\\Users\\khemr\\OneDrive\\Desktop\\lms\\server\\src\\app.js","statementMap":{"0":{"start":{"line":1,"column":16},"end":{"line":1,"column":34}},"1":{"start":{"line":2,"column":21},"end":{"line":2,"column":45}},"2":{"start":{"line":3,"column":13},"end":{"line":3,"column":28}},"3":{"start":{"line":6,"column":64},"end":{"line":6,"column":108}},"4":{"start":{"line":7,"column":15},"end":{"line":7,"column":41}},"5":{"start":{"line":8,"column":109},"end":{"line":8,"column":156}},"6":{"start":{"line":9,"column":44},"end":{"line":9,"column":90}},"7":{"start":{"line":10,"column":22},"end":{"line":10,"column":71}},"8":{"start":{"line":13,"column":20},"end":{"line":13,"column":60}},"9":{"start":{"line":14,"column":19},"end":{"line":14,"column":58}},"10":{"start":{"line":15,"column":21},"end":{"line":15,"column":64}},"11":{"start":{"line":16,"column":20},"end":{"line":16,"column":61}},"12":{"start":{"line":17,"column":20},"end":{"line":17,"column":60}},"13":{"start":{"line":18,"column":23},"end":{"line":18,"column":65}},"14":{"start":{"line":19,"column":22},"end":{"line":19,"column":66}},"15":{"start":{"line":20,"column":21},"end":{"line":20,"column":76}},"16":{"start":{"line":22,"column":12},"end":{"line":22,"column":21}},"17":{"start":{"line":27,"column":0},"end":{"line":27,"column":22}},"18":{"start":{"line":28,"column":0},"end":{"line":28,"column":20}},"19":{"start":{"line":29,"column":0},"end":{"line":29,"column":24}},"20":{"start":{"line":30,"column":0},"end":{"line":30,"column":23}},"21":{"start":{"line":31,"column":0},"end":{"line":31,"column":24}},"22":{"start":{"line":32,"column":0},"end":{"line":32,"column":19}},"23":{"start":{"line":33,"column":0},"end":{"line":33,"column":24}},"24":{"start":{"line":36,"column":0},"end":{"line":55,"column":3}},"25":{"start":{"line":37,"column":18},"end":{"line":37,"column":28}},"26":{"start":{"line":38,"column":4},"end":{"line":53,"column":7}},"27":{"start":{"line":39,"column":25},"end":{"line":39,"column":43}},"28":{"start":{"line":40,"column":24},"end":{"line":46,"column":9}},"29":{"start":{"line":48,"column":8},"end":{"line":52,"column":9}},"30":{"start":{"line":49,"column":12},"end":{"line":49,"column":55}},"31":{"start":{"line":51,"column":12},"end":{"line":51,"column":59}},"32":{"start":{"line":54,"column":4},"end":{"line":54,"column":11}},"33":{"start":{"line":59,"column":0},"end":{"line":59,"column":72}},"34":{"start":{"line":66,"column":0},"end":{"line":68,"column":3}},"35":{"start":{"line":67,"column":4},"end":{"line":67,"column":94}},"36":{"start":{"line":71,"column":0},"end":{"line":71,"column":91}},"37":{"start":{"line":72,"column":0},"end":{"line":74,"column":3}},"38":{"start":{"line":73,"column":4},"end":{"line":73,"column":71}},"39":{"start":{"line":75,"column":0},"end":{"line":75,"column":67}},"40":{"start":{"line":76,"column":0},"end":{"line":76,"column":67}},"41":{"start":{"line":77,"column":0},"end":{"line":77,"column":77}},"42":{"start":{"line":78,"column":0},"end":{"line":78,"column":75}},"43":{"start":{"line":79,"column":0},"end":{"line":79,"column":47}},"44":{"start":{"line":82,"column":0},"end":{"line":82,"column":39}},"45":{"start":{"line":85,"column":0},"end":{"line":85,"column":49}},"46":{"start":{"line":86,"column":0},"end":{"line":86,"column":47}},"47":{"start":{"line":87,"column":0},"end":{"line":87,"column":53}},"48":{"start":{"line":88,"column":0},"end":{"line":88,"column":50}},"49":{"start":{"line":89,"column":0},"end":{"line":89,"column":49}},"50":{"start":{"line":90,"column":0},"end":{"line":90,"column":59}},"51":{"start":{"line":93,"column":0},"end":{"line":95,"column":3}},"52":{"start":{"line":94,"column":4},"end":{"line":94,"column":73}},"53":{"start":{"line":98,"column":0},"end":{"line":112,"column":3}},"54":{"start":{"line":99,"column":4},"end":{"line":106,"column":7}},"55":{"start":{"line":108,"column":4},"end":{"line":111,"column":7}},"56":{"start":{"line":114,"column":0},"end":{"line":114,"column":21}}},"fnMap":{"0":{"name":"(anonymous_0)","decl":{"start":{"line":36,"column":8},"end":{"line":36,"column":9}},"loc":{"start":{"line":36,"column":28},"end":{"line":55,"column":1}},"line":36},"1":{"name":"(anonymous_1)","decl":{"start":{"line":38,"column":21},"end":{"line":38,"column":22}},"loc":{"start":{"line":38,"column":27},"end":{"line":53,"column":5}},"line":38},"2":{"name":"(anonymous_2)","decl":{"start":{"line":66,"column":13},"end":{"line":66,"column":14}},"loc":{"start":{"line":66,"column":27},"end":{"line":68,"column":1}},"line":66},"3":{"name":"(anonymous_3)","decl":{"start":{"line":72,"column":42},"end":{"line":72,"column":43}},"loc":{"start":{"line":72,"column":56},"end":{"line":74,"column":1}},"line":72},"4":{"name":"(anonymous_4)","decl":{"start":{"line":93,"column":8},"end":{"line":93,"column":9}},"loc":{"start":{"line":93,"column":22},"end":{"line":95,"column":1}},"line":93},"5":{"name":"(anonymous_5)","decl":{"start":{"line":98,"column":8},"end":{"line":98,"column":9}},"loc":{"start":{"line":98,"column":33},"end":{"line":112,"column":1}},"line":98}},"branchMap":{"0":{"loc":{"start":{"line":45,"column":16},"end":{"line":45,"column":74}},"type":"binary-expr","locations":[{"start":{"line":45,"column":16},"end":{"line":45,"column":46}},{"start":{"line":45,"column":50},"end":{"line":45,"column":74}}],"line":45},"1":{"loc":{"start":{"line":48,"column":8},"end":{"line":52,"column":9}},"type":"if","locations":[{"start":{"line":48,"column":8},"end":{"line":52,"column":9}},{"start":{"line":50,"column":15},"end":{"line":52,"column":9}}],"line":48},"2":{"loc":{"start":{"line":105,"column":12},"end":{"line":105,"column":70}},"type":"binary-expr","locations":[{"start":{"line":105,"column":12},"end":{"line":105,"column":42}},{"start":{"line":105,"column":46},"end":{"line":105,"column":70}}],"line":105}},"s":{"0":1,"1":1,"2":1,"3":1,"4":1,"5":1,"6":1,"7":1,"8":1,"9":1,"10":1,"11":1,"12":1,"13":1,"14":1,"15":1,"16":1,"17":1,"18":1,"19":1,"20":1,"21":1,"22":1,"23":1,"24":1,"25":4,"26":4,"27":4,"28":4,"29":4,"30":3,"31":1,"32":4,"33":1,"34":1,"35":0,"36":1,"37":1,"38":0,"39":1,"40":1,"41":1,"42":1,"43":1,"44":1,"45":1,"46":1,"47":1,"48":1,"49":1,"50":1,"51":1,"52":0,"53":1,"54":0,"55":0,"56":1},"f":{"0":4,"1":4,"2":0,"3":0,"4":0,"5":0},"b":{"0":[4,4],"1":[3,1],"2":[0,0]},"_coverageSchema":"1a1c01bbd47fc00a2c39e90264f33305004495a9","hash":"b0db5a59f7317f1479d8071317c72678c7e334d5"}
,"C:\\Users\\khemr\\OneDrive\\Desktop\\lms\\server\\src\\common\\services\\audit.service.js": {"path":"C:\\Users\\khemr\\OneDrive\\Desktop\\lms\\server\\src\\common\\services\\audit.service.js","statementMap":{"0":{"start":{"line":1,"column":13},"end":{"line":1,"column":32}},"1":{"start":{"line":11,"column":24},"end":{"line":25,"column":1}},"2":{"start":{"line":12,"column":4},"end":{"line":24,"column":5}},"3":{"start":{"line":13,"column":8},"end":{"line":21,"column":10}},"4":{"start":{"line":23,"column":8},"end":{"line":23,"column":83}},"5":{"start":{"line":27,"column":0},"end":{"line":29,"column":2}}},"fnMap":{"0":{"name":"(anonymous_0)","decl":{"start":{"line":11,"column":24},"end":{"line":11,"column":25}},"loc":{"start":{"line":11,"column":85},"end":{"line":25,"column":1}},"line":11}},"branchMap":{"0":{"loc":{"start":{"line":11,"column":68},"end":{"line":11,"column":80}},"type":"default-arg","locations":[{"start":{"line":11,"column":78},"end":{"line":11,"column":80}}],"line":11},"1":{"loc":{"start":{"line":16,"column":16},"end":{"line":16,"column":35}},"type":"binary-expr","locations":[{"start":{"line":16,"column":16},"end":{"line":16,"column":22}},{"start":{"line":16,"column":26},"end":{"line":16,"column":35}}],"line":16},"2":{"loc":{"start":{"line":17,"column":16},"end":{"line":17,"column":36}},"type":"binary-expr","locations":[{"start":{"line":17,"column":16},"end":{"line":17,"column":24}},{"start":{"line":17,"column":28},"end":{"line":17,"column":36}}],"line":17}},"s":{"0":1,"1":1,"2":0,"3":0,"4":0,"5":1},"f":{"0":0},"b":{"0":[0],"1":[0,0],"2":[0,0]},"_coverageSchema":"1a1c01bbd47fc00a2c39e90264f33305004495a9","hash":"d23eb013f3a57987989a90d7f57107ae2d2afbb6"}
,"C:\\Users\\khemr\\OneDrive\\Desktop\\lms\\server\\src\\common\\services\\sanitizer.service.js": {"path":"C:\\Users\\khemr\\OneDrive\\Desktop\\lms\\server\\src\\common\\services\\sanitizer.service.js","statementMap":{"0":{"start":{"line":5,"column":25},"end":{"line":18,"column":1}},"1":{"start":{"line":6,"column":4},"end":{"line":6,"column":48}},"2":{"start":{"line":6,"column":35},"end":{"line":6,"column":48}},"3":{"start":{"line":7,"column":4},"end":{"line":7,"column":41}},"4":{"start":{"line":7,"column":28},"end":{"line":7,"column":41}},"5":{"start":{"line":10,"column":28},"end":{"line":10,"column":60}},"6":{"start":{"line":12,"column":4},"end":{"line":15,"column":5}},"7":{"start":{"line":12,"column":40},"end":{"line":12,"column":65}},"8":{"start":{"line":14,"column":8},"end":{"line":14,"column":27}},"9":{"start":{"line":17,"column":4},"end":{"line":17,"column":17}},"10":{"start":{"line":20,"column":23},"end":{"line":26,"column":1}},"11":{"start":{"line":21,"column":22},"end":{"line":21,"column":24}},"12":{"start":{"line":22,"column":4},"end":{"line":24,"column":5}},"13":{"start":{"line":23,"column":8},"end":{"line":23,"column":49}},"14":{"start":{"line":25,"column":4},"end":{"line":25,"column":21}},"15":{"start":{"line":28,"column":0},"end":{"line":28,"column":54}}},"fnMap":{"0":{"name":"(anonymous_0)","decl":{"start":{"line":5,"column":25},"end":{"line":5,"column":26}},"loc":{"start":{"line":5,"column":36},"end":{"line":18,"column":1}},"line":5},"1":{"name":"(anonymous_1)","decl":{"start":{"line":12,"column":29},"end":{"line":12,"column":30}},"loc":{"start":{"line":12,"column":40},"end":{"line":12,"column":65}},"line":12},"2":{"name":"(anonymous_2)","decl":{"start":{"line":20,"column":23},"end":{"line":20,"column":24}},"loc":{"start":{"line":20,"column":32},"end":{"line":26,"column":1}},"line":20}},"branchMap":{"0":{"loc":{"start":{"line":6,"column":4},"end":{"line":6,"column":48}},"type":"if","locations":[{"start":{"line":6,"column":4},"end":{"line":6,"column":48}},{"start":{},"end":{}}],"line":6},"1":{"loc":{"start":{"line":7,"column":4},"end":{"line":7,"column":41}},"type":"if","locations":[{"start":{"line":7,"column":4},"end":{"line":7,"column":41}},{"start":{},"end":{}}],"line":7},"2":{"loc":{"start":{"line":12,"column":4},"end":{"line":15,"column":5}},"type":"if","locations":[{"start":{"line":12,"column":4},"end":{"line":15,"column":5}},{"start":{},"end":{}}],"line":12}},"s":{"0":1,"1":0,"2":0,"3":0,"4":0,"5":0,"6":0,"7":0,"8":0,"9":0,"10":1,"11":0,"12":0,"13":0,"14":0,"15":1},"f":{"0":0,"1":0,"2":0},"b":{"0":[0,0],"1":[0,0],"2":[0,0]},"_coverageSchema":"1a1c01bbd47fc00a2c39e90264f33305004495a9","hash":"a4d76b575f70c7906794d982f0abe09a5623bc36"}
,"C:\\Users\\khemr\\OneDrive\\Desktop\\lms\\server\\src\\config\\redis.js": {"path":"C:\\Users\\khemr\\OneDrive\\Desktop\\lms\\server\\src\\config\\redis.js","statementMap":{"0":{"start":{"line":1,"column":25},"end":{"line":1,"column":41}},"1":{"start":{"line":2,"column":0},"end":{"line":2,"column":27}},"2":{"start":{"line":5,"column":20},"end":{"line":7,"column":2}},"3":{"start":{"line":9,"column":29},"end":{"line":9,"column":34}},"4":{"start":{"line":11,"column":0},"end":{"line":20,"column":3}},"5":{"start":{"line":12,"column":4},"end":{"line":19,"column":5}},"6":{"start":{"line":13,"column":8},"end":{"line":16,"column":9}},"7":{"start":{"line":14,"column":12},"end":{"line":14,"column":109}},"8":{"start":{"line":15,"column":12},"end":{"line":15,"column":42}},"9":{"start":{"line":18,"column":8},"end":{"line":18,"column":67}},"10":{"start":{"line":22,"column":0},"end":{"line":24,"column":3}},"11":{"start":{"line":23,"column":4},"end":{"line":23,"column":51}},"12":{"start":{"line":27,"column":0},"end":{"line":33,"column":5}},"13":{"start":{"line":28,"column":4},"end":{"line":32,"column":5}},"14":{"start":{"line":29,"column":8},"end":{"line":29,"column":36}},"15":{"start":{"line":31,"column":8},"end":{"line":31,"column":80}},"16":{"start":{"line":35,"column":0},"end":{"line":35,"column":29}}},"fnMap":{"0":{"name":"(anonymous_0)","decl":{"start":{"line":11,"column":24},"end":{"line":11,"column":25}},"loc":{"start":{"line":11,"column":33},"end":{"line":20,"column":1}},"line":11},"1":{"name":"(anonymous_1)","decl":{"start":{"line":22,"column":26},"end":{"line":22,"column":27}},"loc":{"start":{"line":22,"column":32},"end":{"line":24,"column":1}},"line":22},"2":{"name":"(anonymous_2)","decl":{"start":{"line":27,"column":1},"end":{"line":27,"column":2}},"loc":{"start":{"line":27,"column":13},"end":{"line":33,"column":1}},"line":27}},"branchMap":{"0":{"loc":{"start":{"line":6,"column":9},"end":{"line":6,"column":58}},"type":"binary-expr","locations":[{"start":{"line":6,"column":9},"end":{"line":6,"column":30}},{"start":{"line":6,"column":34},"end":{"line":6,"column":58}}],"line":6},"1":{"loc":{"start":{"line":12,"column":4},"end":{"line":19,"column":5}},"type":"if","locations":[{"start":{"line":12,"column":4},"end":{"line":19,"column":5}},{"start":{"line":17,"column":11},"end":{"line":19,"column":5}}],"line":12},"2":{"loc":{"start":{"line":12,"column":8},"end":{"line":12,"column":92}},"type":"binary-expr","locations":[{"start":{"line":12,"column":8},"end":{"line":12,"column":35}},{"start":{"line":12,"column":40},"end":{"line":12,"column":51}},{"start":{"line":12,"column":55},"end":{"line":12,"column":91}}],"line":12},"3":{"loc":{"start":{"line":13,"column":8},"end":{"line":16,"column":9}},"type":"if","locations":[{"start":{"line":13,"column":8},"end":{"line":16,"column":9}},{"start":{},"end":{}}],"line":13},"4":{"loc":{"start":{"line":18,"column":47},"end":{"line":18,"column":65}},"type":"binary-expr","locations":[{"start":{"line":18,"column":47},"end":{"line":18,"column":58}},{"start":{"line":18,"column":62},"end":{"line":18,"column":65}}],"line":18}},"s":{"0":1,"1":1,"2":1,"3":1,"4":1,"5":1,"6":1,"7":1,"8":1,"9":0,"10":1,"11":0,"12":1,"13":1,"14":1,"15":0,"16":1},"f":{"0":1,"1":0,"2":1},"b":{"0":[1,1],"1":[1,0],"2":[1,0,0],"3":[1,0],"4":[0,0]},"_coverageSchema":"1a1c01bbd47fc00a2c39e90264f33305004495a9","hash":"aec26cfc84c93bd02623d3a1eecefa492d03ceb8"}
,"C:\\Users\\khemr\\OneDrive\\Desktop\\lms\\server\\src\\features\\admin\\admin.controller.js": {"path":"C:\\Users\\khemr\\OneDrive\\Desktop\\lms\\server\\src\\features\\admin\\admin.controller.js","statementMap":{"0":{"start":{"line":1,"column":13},"end":{"line":1,"column":32}},"1":{"start":{"line":2,"column":15},"end":{"line":2,"column":34}},"2":{"start":{"line":3,"column":13},"end":{"line":3,"column":33}},"3":{"start":{"line":4,"column":27},"end":{"line":4,"column":77}},"4":{"start":{"line":7,"column":24},"end":{"line":33,"column":1}},"5":{"start":{"line":8,"column":36},"end":{"line":8,"column":44}},"6":{"start":{"line":9,"column":17},"end":{"line":9,"column":50}},"7":{"start":{"line":10,"column":4},"end":{"line":32,"column":5}},"8":{"start":{"line":12,"column":8},"end":{"line":19,"column":9}},"9":{"start":{"line":13,"column":25},"end":{"line":13,"column":30}},"10":{"start":{"line":14,"column":12},"end":{"line":18,"column":13}},"11":{"start":{"line":15,"column":16},"end":{"line":15,"column":75}},"12":{"start":{"line":16,"column":31},"end":{"line":16,"column":87}},"13":{"start":{"line":17,"column":16},"end":{"line":17,"column":53}},"14":{"start":{"line":17,"column":39},"end":{"line":17,"column":53}},"15":{"start":{"line":20,"column":31},"end":{"line":20,"column":61}},"16":{"start":{"line":21,"column":8},"end":{"line":24,"column":10}},"17":{"start":{"line":25,"column":8},"end":{"line":25,"column":107}},"18":{"start":{"line":27,"column":8},"end":{"line":29,"column":9}},"19":{"start":{"line":28,"column":12},"end":{"line":28,"column":109}},"20":{"start":{"line":30,"column":8},"end":{"line":30,"column":27}},"21":{"start":{"line":31,"column":8},"end":{"line":31,"column":74}},"22":{"start":{"line":37,"column":22},"end":{"line":50,"column":1}},"23":{"start":{"line":38,"column":4},"end":{"line":49,"column":5}},"24":{"start":{"line":39,"column":23},"end":{"line":39,"column":69}},"25":{"start":{"line":40,"column":8},"end":{"line":40,"column":60}},"26":{"start":{"line":42,"column":8},"end":{"line":42,"column":53}},"27":{"start":{"line":43,"column":8},"end":{"line":48,"column":11}},"28":{"start":{"line":53,"column":32},"end":{"line":69,"column":1}},"29":{"start":{"line":54,"column":19},"end":{"line":54,"column":29}},"30":{"start":{"line":55,"column":25},"end":{"line":55,"column":33}},"31":{"start":{"line":57,"column":4},"end":{"line":59,"column":5}},"32":{"start":{"line":58,"column":8},"end":{"line":58,"column":107}},"33":{"start":{"line":61,"column":4},"end":{"line":68,"column":5}},"34":{"start":{"line":62,"column":31},"end":{"line":62,"column":61}},"35":{"start":{"line":63,"column":8},"end":{"line":63,"column":92}},"36":{"start":{"line":64,"column":8},"end":{"line":64,"column":90}},"37":{"start":{"line":66,"column":8},"end":{"line":66,"column":27}},"38":{"start":{"line":67,"column":8},"end":{"line":67,"column":74}},"39":{"start":{"line":72,"column":17},"end":{"line":138,"column":1}},"40":{"start":{"line":73,"column":4},"end":{"line":137,"column":5}},"41":{"start":{"line":74,"column":28},"end":{"line":74,"column":81}},"42":{"start":{"line":75,"column":30},"end":{"line":75,"column":85}},"43":{"start":{"line":76,"column":29},"end":{"line":76,"column":83}},"44":{"start":{"line":77,"column":31},"end":{"line":77,"column":87}},"45":{"start":{"line":78,"column":30},"end":{"line":78,"column":85}},"46":{"start":{"line":81,"column":28},"end":{"line":81,"column":52}},"47":{"start":{"line":82,"column":32},"end":{"line":82,"column":103}},"48":{"start":{"line":83,"column":33},"end":{"line":83,"column":105}},"49":{"start":{"line":85,"column":32},"end":{"line":85,"column":53}},"50":{"start":{"line":86,"column":33},"end":{"line":86,"column":54}},"51":{"start":{"line":87,"column":8},"end":{"line":87,"column":83}},"52":{"start":{"line":87,"column":35},"end":{"line":87,"column":81}},"53":{"start":{"line":88,"column":8},"end":{"line":88,"column":85}},"54":{"start":{"line":88,"column":36},"end":{"line":88,"column":83}},"55":{"start":{"line":91,"column":29},"end":{"line":91,"column":85}},"56":{"start":{"line":92,"column":24},"end":{"line":92,"column":25}},"57":{"start":{"line":92,"column":39},"end":{"line":92,"column":40}},"58":{"start":{"line":92,"column":57},"end":{"line":92,"column":58}},"59":{"start":{"line":92,"column":73},"end":{"line":92,"column":74}},"60":{"start":{"line":92,"column":91},"end":{"line":92,"column":92}},"61":{"start":{"line":93,"column":8},"end":{"line":99,"column":11}},"62":{"start":{"line":94,"column":12},"end":{"line":94,"column":41}},"63":{"start":{"line":95,"column":12},"end":{"line":95,"column":71}},"64":{"start":{"line":95,"column":42},"end":{"line":95,"column":71}},"65":{"start":{"line":96,"column":12},"end":{"line":96,"column":72}},"66":{"start":{"line":96,"column":40},"end":{"line":96,"column":72}},"67":{"start":{"line":97,"column":12},"end":{"line":97,"column":67}},"68":{"start":{"line":97,"column":37},"end":{"line":97,"column":67}},"69":{"start":{"line":98,"column":12},"end":{"line":98,"column":71}},"70":{"start":{"line":98,"column":39},"end":{"line":98,"column":71}},"71":{"start":{"line":102,"column":30},"end":{"line":102,"column":87}},"72":{"start":{"line":103,"column":26},"end":{"line":103,"column":69}},"73":{"start":{"line":103,"column":47},"end":{"line":103,"column":68}},"74":{"start":{"line":104,"column":24},"end":{"line":104,"column":61}},"75":{"start":{"line":104,"column":45},"end":{"line":104,"column":60}},"76":{"start":{"line":107,"column":37},"end":{"line":107,"column":97}},"77":{"start":{"line":108,"column":39},"end":{"line":108,"column":74}},"78":{"start":{"line":111,"column":26},"end":{"line":111,"column":75}},"79":{"start":{"line":112,"column":29},"end":{"line":116,"column":11}},"80":{"start":{"line":112,"column":47},"end":{"line":116,"column":9}},"81":{"start":{"line":118,"column":8},"end":{"line":133,"column":11}},"82":{"start":{"line":135,"column":8},"end":{"line":135,"column":27}},"83":{"start":{"line":136,"column":8},"end":{"line":136,"column":74}},"84":{"start":{"line":141,"column":24},"end":{"line":150,"column":1}},"85":{"start":{"line":142,"column":19},"end":{"line":142,"column":29}},"86":{"start":{"line":143,"column":4},"end":{"line":149,"column":5}},"87":{"start":{"line":144,"column":8},"end":{"line":144,"column":64}},"88":{"start":{"line":145,"column":8},"end":{"line":145,"column":86}},"89":{"start":{"line":147,"column":8},"end":{"line":147,"column":27}},"90":{"start":{"line":148,"column":8},"end":{"line":148,"column":74}},"91":{"start":{"line":152,"column":34},"end":{"line":166,"column":1}},"92":{"start":{"line":153,"column":4},"end":{"line":165,"column":5}},"93":{"start":{"line":154,"column":21},"end":{"line":154,"column":26}},"94":{"start":{"line":155,"column":20},"end":{"line":155,"column":22}},"95":{"start":{"line":156,"column":8},"end":{"line":160,"column":9}},"96":{"start":{"line":157,"column":12},"end":{"line":157,"column":70}},"97":{"start":{"line":158,"column":27},"end":{"line":158,"column":82}},"98":{"start":{"line":159,"column":12},"end":{"line":159,"column":49}},"99":{"start":{"line":159,"column":35},"end":{"line":159,"column":49}},"100":{"start":{"line":161,"column":8},"end":{"line":161,"column":47}},"101":{"start":{"line":163,"column":8},"end":{"line":163,"column":65}},"102":{"start":{"line":164,"column":8},"end":{"line":164,"column":94}},"103":{"start":{"line":168,"column":20},"end":{"line":199,"column":1}},"104":{"start":{"line":169,"column":4},"end":{"line":169,"column":96}},"105":{"start":{"line":169,"column":19},"end":{"line":169,"column":96}},"106":{"start":{"line":170,"column":20},"end":{"line":170,"column":46}},"107":{"start":{"line":172,"column":4},"end":{"line":198,"column":7}},"108":{"start":{"line":176,"column":26},"end":{"line":176,"column":38}},"109":{"start":{"line":177,"column":31},"end":{"line":177,"column":32}},"110":{"start":{"line":178,"column":25},"end":{"line":178,"column":27}},"111":{"start":{"line":180,"column":12},"end":{"line":195,"column":13}},"112":{"start":{"line":181,"column":16},"end":{"line":194,"column":17}},"113":{"start":{"line":182,"column":20},"end":{"line":182,"column":48}},"114":{"start":{"line":183,"column":20},"end":{"line":186,"column":21}},"115":{"start":{"line":184,"column":24},"end":{"line":184,"column":66}},"116":{"start":{"line":185,"column":24},"end":{"line":185,"column":33}},"117":{"start":{"line":187,"column":20},"end":{"line":190,"column":22}},"118":{"start":{"line":191,"column":20},"end":{"line":191,"column":35}},"119":{"start":{"line":193,"column":20},"end":{"line":193,"column":69}},"120":{"start":{"line":196,"column":12},"end":{"line":196,"column":104}},"121":{"start":{"line":201,"column":22},"end":{"line":232,"column":1}},"122":{"start":{"line":202,"column":4},"end":{"line":202,"column":96}},"123":{"start":{"line":202,"column":19},"end":{"line":202,"column":96}},"124":{"start":{"line":203,"column":20},"end":{"line":203,"column":46}},"125":{"start":{"line":205,"column":4},"end":{"line":231,"column":7}},"126":{"start":{"line":209,"column":28},"end":{"line":209,"column":40}},"127":{"start":{"line":210,"column":31},"end":{"line":210,"column":32}},"128":{"start":{"line":211,"column":25},"end":{"line":211,"column":27}},"129":{"start":{"line":213,"column":12},"end":{"line":228,"column":13}},"130":{"start":{"line":214,"column":16},"end":{"line":227,"column":17}},"131":{"start":{"line":215,"column":20},"end":{"line":215,"column":52}},"132":{"start":{"line":216,"column":20},"end":{"line":219,"column":21}},"133":{"start":{"line":217,"column":24},"end":{"line":217,"column":70}},"134":{"start":{"line":218,"column":24},"end":{"line":218,"column":33}},"135":{"start":{"line":220,"column":20},"end":{"line":223,"column":22}},"136":{"start":{"line":224,"column":20},"end":{"line":224,"column":35}},"137":{"start":{"line":226,"column":20},"end":{"line":226,"column":74}},"138":{"start":{"line":229,"column":12},"end":{"line":229,"column":106}},"139":{"start":{"line":234,"column":25},"end":{"line":310,"column":1}},"140":{"start":{"line":235,"column":4},"end":{"line":309,"column":5}},"141":{"start":{"line":238,"column":12},"end":{"line":245,"column":10}},"142":{"start":{"line":247,"column":27},"end":{"line":247,"column":61}},"143":{"start":{"line":248,"column":29},"end":{"line":248,"column":65}},"144":{"start":{"line":249,"column":27},"end":{"line":249,"column":94}},"145":{"start":{"line":250,"column":28},"end":{"line":250,"column":63}},"146":{"start":{"line":251,"column":29},"end":{"line":251,"column":65}},"147":{"start":{"line":254,"column":33},"end":{"line":254,"column":90}},"148":{"start":{"line":255,"column":31},"end":{"line":255,"column":112}},"149":{"start":{"line":255,"column":58},"end":{"line":255,"column":110}},"150":{"start":{"line":258,"column":30},"end":{"line":258,"column":90}},"151":{"start":{"line":259,"column":29},"end":{"line":259,"column":147}},"152":{"start":{"line":259,"column":53},"end":{"line":259,"column":145}},"153":{"start":{"line":262,"column":29},"end":{"line":262,"column":82}},"154":{"start":{"line":263,"column":33},"end":{"line":263,"column":43}},"155":{"start":{"line":266,"column":38},"end":{"line":266,"column":89}},"156":{"start":{"line":267,"column":28},"end":{"line":275,"column":11}},"157":{"start":{"line":267,"column":60},"end":{"line":275,"column":9}},"158":{"start":{"line":278,"column":29},"end":{"line":278,"column":82}},"159":{"start":{"line":279,"column":26},"end":{"line":279,"column":59}},"160":{"start":{"line":284,"column":12},"end":{"line":288,"column":10}},"161":{"start":{"line":290,"column":8},"end":{"line":305,"column":11}},"162":{"start":{"line":307,"column":8},"end":{"line":307,"column":52}},"163":{"start":{"line":308,"column":8},"end":{"line":308,"column":112}},"164":{"start":{"line":312,"column":21},"end":{"line":337,"column":1}},"165":{"start":{"line":313,"column":4},"end":{"line":336,"column":5}},"166":{"start":{"line":314,"column":21},"end":{"line":314,"column":50}},"167":{"start":{"line":315,"column":22},"end":{"line":315,"column":53}},"168":{"start":{"line":316,"column":23},"end":{"line":316,"column":41}},"169":{"start":{"line":318,"column":30},"end":{"line":318,"column":88}},"170":{"start":{"line":319,"column":22},"end":{"line":319,"column":50}},"171":{"start":{"line":321,"column":23},"end":{"line":321,"column":90}},"172":{"start":{"line":323,"column":8},"end":{"line":332,"column":11}},"173":{"start":{"line":334,"column":8},"end":{"line":334,"column":27}},"174":{"start":{"line":335,"column":8},"end":{"line":335,"column":74}},"175":{"start":{"line":339,"column":30},"end":{"line":369,"column":1}},"176":{"start":{"line":340,"column":19},"end":{"line":340,"column":29}},"177":{"start":{"line":341,"column":23},"end":{"line":341,"column":31}},"178":{"start":{"line":343,"column":4},"end":{"line":345,"column":5}},"179":{"start":{"line":344,"column":8},"end":{"line":344,"column":83}},"180":{"start":{"line":347,"column":4},"end":{"line":368,"column":5}},"181":{"start":{"line":348,"column":8},"end":{"line":348,"column":82}},"182":{"start":{"line":352,"column":8},"end":{"line":362,"column":9}},"183":{"start":{"line":353,"column":31},"end":{"line":353,"column":89}},"184":{"start":{"line":355,"column":12},"end":{"line":358,"column":13}},"185":{"start":{"line":357,"column":16},"end":{"line":357,"column":83}},"186":{"start":{"line":361,"column":12},"end":{"line":361,"column":75}},"187":{"start":{"line":364,"column":8},"end":{"line":364,"column":167}},"188":{"start":{"line":366,"column":8},"end":{"line":366,"column":27}},"189":{"start":{"line":367,"column":8},"end":{"line":367,"column":74}},"190":{"start":{"line":371,"column":0},"end":{"line":371,"column":214}}},"fnMap":{"0":{"name":"(anonymous_0)","decl":{"start":{"line":7,"column":24},"end":{"line":7,"column":25}},"loc":{"start":{"line":7,"column":44},"end":{"line":33,"column":1}},"line":7},"1":{"name":"(anonymous_1)","decl":{"start":{"line":37,"column":22},"end":{"line":37,"column":23}},"loc":{"start":{"line":37,"column":42},"end":{"line":50,"column":1}},"line":37},"2":{"name":"(anonymous_2)","decl":{"start":{"line":53,"column":32},"end":{"line":53,"column":33}},"loc":{"start":{"line":53,"column":52},"end":{"line":69,"column":1}},"line":53},"3":{"name":"(anonymous_3)","decl":{"start":{"line":72,"column":17},"end":{"line":72,"column":18}},"loc":{"start":{"line":72,"column":37},"end":{"line":138,"column":1}},"line":72},"4":{"name":"(anonymous_4)","decl":{"start":{"line":87,"column":30},"end":{"line":87,"column":31}},"loc":{"start":{"line":87,"column":35},"end":{"line":87,"column":81}},"line":87},"5":{"name":"(anonymous_5)","decl":{"start":{"line":88,"column":31},"end":{"line":88,"column":32}},"loc":{"start":{"line":88,"column":36},"end":{"line":88,"column":83}},"line":88},"6":{"name":"(anonymous_6)","decl":{"start":{"line":93,"column":27},"end":{"line":93,"column":28}},"loc":{"start":{"line":93,"column":32},"end":{"line":99,"column":9}},"line":93},"7":{"name":"(anonymous_7)","decl":{"start":{"line":103,"column":42},"end":{"line":103,"column":43}},"loc":{"start":{"line":103,"column":47},"end":{"line":103,"column":68}},"line":103},"8":{"name":"(anonymous_8)","decl":{"start":{"line":104,"column":40},"end":{"line":104,"column":41}},"loc":{"start":{"line":104,"column":45},"end":{"line":104,"column":60}},"line":104},"9":{"name":"(anonymous_9)","decl":{"start":{"line":112,"column":41},"end":{"line":112,"column":42}},"loc":{"start":{"line":112,"column":47},"end":{"line":116,"column":9}},"line":112},"10":{"name":"(anonymous_10)","decl":{"start":{"line":141,"column":24},"end":{"line":141,"column":25}},"loc":{"start":{"line":141,"column":44},"end":{"line":150,"column":1}},"line":141},"11":{"name":"(anonymous_11)","decl":{"start":{"line":152,"column":34},"end":{"line":152,"column":35}},"loc":{"start":{"line":152,"column":54},"end":{"line":166,"column":1}},"line":152},"12":{"name":"(anonymous_12)","decl":{"start":{"line":168,"column":20},"end":{"line":168,"column":21}},"loc":{"start":{"line":168,"column":40},"end":{"line":199,"column":1}},"line":168},"13":{"name":"(anonymous_13)","decl":{"start":{"line":175,"column":18},"end":{"line":175,"column":19}},"loc":{"start":{"line":175,"column":37},"end":{"line":197,"column":9}},"line":175},"14":{"name":"(anonymous_14)","decl":{"start":{"line":201,"column":22},"end":{"line":201,"column":23}},"loc":{"start":{"line":201,"column":42},"end":{"line":232,"column":1}},"line":201},"15":{"name":"(anonymous_15)","decl":{"start":{"line":208,"column":18},"end":{"line":208,"column":19}},"loc":{"start":{"line":208,"column":37},"end":{"line":230,"column":9}},"line":208},"16":{"name":"(anonymous_16)","decl":{"start":{"line":234,"column":25},"end":{"line":234,"column":26}},"loc":{"start":{"line":234,"column":45},"end":{"line":310,"column":1}},"line":234},"17":{"name":"(anonymous_17)","decl":{"start":{"line":255,"column":50},"end":{"line":255,"column":51}},"loc":{"start":{"line":255,"column":58},"end":{"line":255,"column":110}},"line":255},"18":{"name":"(anonymous_18)","decl":{"start":{"line":259,"column":45},"end":{"line":259,"column":46}},"loc":{"start":{"line":259,"column":53},"end":{"line":259,"column":145}},"line":259},"19":{"name":"(anonymous_19)","decl":{"start":{"line":267,"column":52},"end":{"line":267,"column":53}},"loc":{"start":{"line":267,"column":60},"end":{"line":275,"column":9}},"line":267},"20":{"name":"(anonymous_20)","decl":{"start":{"line":312,"column":21},"end":{"line":312,"column":22}},"loc":{"start":{"line":312,"column":41},"end":{"line":337,"column":1}},"line":312},"21":{"name":"(anonymous_21)","decl":{"start":{"line":339,"column":30},"end":{"line":339,"column":31}},"loc":{"start":{"line":339,"column":50},"end":{"line":369,"column":1}},"line":339}},"branchMap":{"0":{"loc":{"start":{"line":9,"column":17},"end":{"line":9,"column":50}},"type":"binary-expr","locations":[{"start":{"line":9,"column":17},"end":{"line":9,"column":31}},{"start":{"line":9,"column":35},"end":{"line":9,"column":50}}],"line":9},"1":{"loc":{"start":{"line":12,"column":8},"end":{"line":19,"column":9}},"type":"if","locations":[{"start":{"line":12,"column":8},"end":{"line":19,"column":9}},{"start":{},"end":{}}],"line":12},"2":{"loc":{"start":{"line":17,"column":16},"end":{"line":17,"column":53}},"type":"if","locations":[{"start":{"line":17,"column":16},"end":{"line":17,"column":53}},{"start":{},"end":{}}],"line":17},"3":{"loc":{"start":{"line":27,"column":8},"end":{"line":29,"column":9}},"type":"if","locations":[{"start":{"line":27,"column":8},"end":{"line":29,"column":9}},{"start":{},"end":{}}],"line":27},"4":{"loc":{"start":{"line":57,"column":4},"end":{"line":59,"column":5}},"type":"if","locations":[{"start":{"line":57,"column":4},"end":{"line":59,"column":5}},{"start":{},"end":{}}],"line":57},"5":{"loc":{"start":{"line":57,"column":8},"end":{"line":57,"column":40}},"type":"binary-expr","locations":[{"start":{"line":57,"column":8},"end":{"line":57,"column":17}},{"start":{"line":57,"column":21},"end":{"line":57,"column":40}}],"line":57},"6":{"loc":{"start":{"line":95,"column":12},"end":{"line":95,"column":71}},"type":"if","locations":[{"start":{"line":95,"column":12},"end":{"line":95,"column":71}},{"start":{},"end":{}}],"line":95},"7":{"loc":{"start":{"line":96,"column":12},"end":{"line":96,"column":72}},"type":"if","locations":[{"start":{"line":96,"column":12},"end":{"line":96,"column":72}},{"start":{},"end":{}}],"line":96},"8":{"loc":{"start":{"line":97,"column":12},"end":{"line":97,"column":67}},"type":"if","locations":[{"start":{"line":97,"column":12},"end":{"line":97,"column":67}},{"start":{},"end":{}}],"line":97},"9":{"loc":{"start":{"line":98,"column":12},"end":{"line":98,"column":71}},"type":"if","locations":[{"start":{"line":98,"column":12},"end":{"line":98,"column":71}},{"start":{},"end":{}}],"line":98},"10":{"loc":{"start":{"line":103,"column":47},"end":{"line":103,"column":68}},"type":"binary-expr","locations":[{"start":{"line":103,"column":47},"end":{"line":103,"column":55}},{"start":{"line":103,"column":59},"end":{"line":103,"column":68}}],"line":103},"11":{"loc":{"start":{"line":159,"column":12},"end":{"line":159,"column":49}},"type":"if","locations":[{"start":{"line":159,"column":12},"end":{"line":159,"column":49}},{"start":{},"end":{}}],"line":159},"12":{"loc":{"start":{"line":169,"column":4},"end":{"line":169,"column":96}},"type":"if","locations":[{"start":{"line":169,"column":4},"end":{"line":169,"column":96}},{"start":{},"end":{}}],"line":169},"13":{"loc":{"start":{"line":183,"column":20},"end":{"line":186,"column":21}},"type":"if","locations":[{"start":{"line":183,"column":20},"end":{"line":186,"column":21}},{"start":{},"end":{}}],"line":183},"14":{"loc":{"start":{"line":183,"column":24},"end":{"line":183,"column":49}},"type":"binary-expr","locations":[{"start":{"line":183,"column":24},"end":{"line":183,"column":35}},{"start":{"line":183,"column":39},"end":{"line":183,"column":49}}],"line":183},"15":{"loc":{"start":{"line":189,"column":37},"end":{"line":189,"column":61}},"type":"binary-expr","locations":[{"start":{"line":189,"column":37},"end":{"line":189,"column":48}},{"start":{"line":189,"column":52},"end":{"line":189,"column":61}}],"line":189},"16":{"loc":{"start":{"line":189,"column":74},"end":{"line":189,"column":100}},"type":"binary-expr","locations":[{"start":{"line":189,"column":74},"end":{"line":189,"column":87}},{"start":{"line":189,"column":91},"end":{"line":189,"column":100}}],"line":189},"17":{"loc":{"start":{"line":189,"column":102},"end":{"line":189,"column":120}},"type":"binary-expr","locations":[{"start":{"line":189,"column":102},"end":{"line":189,"column":115}},{"start":{"line":189,"column":119},"end":{"line":189,"column":120}}],"line":189},"18":{"loc":{"start":{"line":189,"column":122},"end":{"line":189,"column":140}},"type":"binary-expr","locations":[{"start":{"line":189,"column":122},"end":{"line":189,"column":135}},{"start":{"line":189,"column":139},"end":{"line":189,"column":140}}],"line":189},"19":{"loc":{"start":{"line":189,"column":142},"end":{"line":189,"column":157}},"type":"binary-expr","locations":[{"start":{"line":189,"column":142},"end":{"line":189,"column":152}},{"start":{"line":189,"column":156},"end":{"line":189,"column":157}}],"line":189},"20":{"loc":{"start":{"line":189,"column":159},"end":{"line":189,"column":186}},"type":"binary-expr","locations":[{"start":{"line":189,"column":159},"end":{"line":189,"column":178}},{"start":{"line":189,"column":182},"end":{"line":189,"column":186}}],"line":189},"21":{"loc":{"start":{"line":202,"column":4},"end":{"line":202,"column":96}},"type":"if","locations":[{"start":{"line":202,"column":4},"end":{"line":202,"column":96}},{"start":{},"end":{}}],"line":202},"22":{"loc":{"start":{"line":216,"column":20},"end":{"line":219,"column":21}},"type":"if","locations":[{"start":{"line":216,"column":20},"end":{"line":219,"column":21}},{"start":{},"end":{}}],"line":216},"23":{"loc":{"start":{"line":216,"column":24},"end":{"line":216,"column":57}},"type":"binary-expr","locations":[{"start":{"line":216,"column":24},"end":{"line":216,"column":36}},{"start":{"line":216,"column":40},"end":{"line":216,"column":57}}],"line":216},"24":{"loc":{"start":{"line":222,"column":56},"end":{"line":222,"column":74}},"type":"binary-expr","locations":[{"start":{"line":222,"column":56},"end":{"line":222,"column":68}},{"start":{"line":222,"column":72},"end":{"line":222,"column":74}}],"line":222},"25":{"loc":{"start":{"line":222,"column":76},"end":{"line":222,"column":94}},"type":"binary-expr","locations":[{"start":{"line":222,"column":76},"end":{"line":222,"column":88}},{"start":{"line":222,"column":92},"end":{"line":222,"column":94}}],"line":222},"26":{"loc":{"start":{"line":222,"column":96},"end":{"line":222,"column":116}},"type":"binary-expr","locations":[{"start":{"line":222,"column":96},"end":{"line":222,"column":110}},{"start":{"line":222,"column":114},"end":{"line":222,"column":116}}],"line":222},"27":{"loc":{"start":{"line":247,"column":27},"end":{"line":247,"column":61}},"type":"binary-expr","locations":[{"start":{"line":247,"column":27},"end":{"line":247,"column":56}},{"start":{"line":247,"column":60},"end":{"line":247,"column":61}}],"line":247},"28":{"loc":{"start":{"line":248,"column":29},"end":{"line":248,"column":65}},"type":"binary-expr","locations":[{"start":{"line":248,"column":29},"end":{"line":248,"column":60}},{"start":{"line":248,"column":64},"end":{"line":248,"column":65}}],"line":248},"29":{"loc":{"start":{"line":250,"column":28},"end":{"line":250,"column":63}},"type":"binary-expr","locations":[{"start":{"line":250,"column":28},"end":{"line":250,"column":58}},{"start":{"line":250,"column":62},"end":{"line":250,"column":63}}],"line":250},"30":{"loc":{"start":{"line":251,"column":29},"end":{"line":251,"column":65}},"type":"binary-expr","locations":[{"start":{"line":251,"column":29},"end":{"line":251,"column":60}},{"start":{"line":251,"column":64},"end":{"line":251,"column":65}}],"line":251},"31":{"loc":{"start":{"line":279,"column":26},"end":{"line":279,"column":59}},"type":"binary-expr","locations":[{"start":{"line":279,"column":26},"end":{"line":279,"column":54}},{"start":{"line":279,"column":58},"end":{"line":279,"column":59}}],"line":279},"32":{"loc":{"start":{"line":300,"column":37},"end":{"line":300,"column":66}},"type":"binary-expr","locations":[{"start":{"line":300,"column":37},"end":{"line":300,"column":61}},{"start":{"line":300,"column":65},"end":{"line":300,"column":66}}],"line":300},"33":{"loc":{"start":{"line":301,"column":34},"end":{"line":301,"column":66}},"type":"binary-expr","locations":[{"start":{"line":301,"column":34},"end":{"line":301,"column":61}},{"start":{"line":301,"column":65},"end":{"line":301,"column":66}}],"line":301},"34":{"loc":{"start":{"line":302,"column":39},"end":{"line":302,"column":73}},"type":"binary-expr","locations":[{"start":{"line":302,"column":39},"end":{"line":302,"column":68}},{"start":{"line":302,"column":72},"end":{"line":302,"column":73}}],"line":302},"35":{"loc":{"start":{"line":314,"column":21},"end":{"line":314,"column":50}},"type":"binary-expr","locations":[{"start":{"line":314,"column":21},"end":{"line":314,"column":45}},{"start":{"line":314,"column":49},"end":{"line":314,"column":50}}],"line":314},"36":{"loc":{"start":{"line":315,"column":22},"end":{"line":315,"column":53}},"type":"binary-expr","locations":[{"start":{"line":315,"column":22},"end":{"line":315,"column":47}},{"start":{"line":315,"column":51},"end":{"line":315,"column":53}}],"line":315},"37":{"loc":{"start":{"line":343,"column":4},"end":{"line":345,"column":5}},"type":"if","locations":[{"start":{"line":343,"column":4},"end":{"line":345,"column":5}},{"start":{},"end":{}}],"line":343},"38":{"loc":{"start":{"line":352,"column":8},"end":{"line":362,"column":9}},"type":"if","locations":[{"start":{"line":352,"column":8},"end":{"line":362,"column":9}},{"start":{},"end":{}}],"line":352},"39":{"loc":{"start":{"line":364,"column":95},"end":{"line":364,"column":161}},"type":"cond-expr","locations":[{"start":{"line":364,"column":119},"end":{"line":364,"column":156}},{"start":{"line":364,"column":159},"end":{"line":364,"column":161}}],"line":364}},"s":{"0":1,"1":1,"2":1,"3":1,"4":1,"5":0,"6":0,"7":0,"8":0,"9":0,"10":0,"11":0,"12":0,"13":0,"14":0,"15":0,"16":0,"17":0,"18":0,"19":0,"20":0,"21":0,"22":1,"23":0,"24":0,"25":0,"26":0,"27":0,"28":1,"29":0,"30":0,"31":0,"32":0,"33":0,"34":0,"35":0,"36":0,"37":0,"38":0,"39":1,"40":0,"41":0,"42":0,"43":0,"44":0,"45":0,"46":0,"47":0,"48":0,"49":0,"50":0,"51":0,"52":0,"53":0,"54":0,"55":0,"56":0,"57":0,"58":0,"59":0,"60":0,"61":0,"62":0,"63":0,"64":0,"65":0,"66":0,"67":0,"68":0,"69":0,"70":0,"71":0,"72":0,"73":0,"74":0,"75":0,"76":0,"77":0,"78":0,"79":0,"80":0,"81":0,"82":0,"83":0,"84":1,"85":0,"86":0,"87":0,"88":0,"89":0,"90":0,"91":1,"92":0,"93":0,"94":0,"95":0,"96":0,"97":0,"98":0,"99":0,"100":0,"101":0,"102":0,"103":1,"104":0,"105":0,"106":0,"107":0,"108":0,"109":0,"110":0,"111":0,"112":0,"113":0,"114":0,"115":0,"116":0,"117":0,"118":0,"119":0,"120":0,"121":1,"122":0,"123":0,"124":0,"125":0,"126":0,"127":0,"128":0,"129":0,"130":0,"131":0,"132":0,"133":0,"134":0,"135":0,"136":0,"137":0,"138":0,"139":1,"140":0,"141":0,"142":0,"143":0,"144":0,"145":0,"146":0,"147":0,"148":0,"149":0,"150":0,"151":0,"152":0,"153":0,"154":0,"155":0,"156":0,"157":0,"158":0,"159":0,"160":0,"161":0,"162":0,"163":0,"164":1,"165":0,"166":0,"167":0,"168":0,"169":0,"170":0,"171":0,"172":0,"173":0,"174":0,"175":1,"176":0,"177":0,"178":0,"179":0,"180":0,"181":0,"182":0,"183":0,"184":0,"185":0,"186":0,"187":0,"188":0,"189":0,"190":1},"f":{"0":0,"1":0,"2":0,"3":0,"4":0,"5":0,"6":0,"7":0,"8":0,"9":0,"10":0,"11":0,"12":0,"13":0,"14":0,"15":0,"16":0,"17":0,"18":0,"19":0,"20":0,"21":0},"b":{"0":[0,0],"1":[0,0],"2":[0,0],"3":[0,0],"4":[0,0],"5":[0,0],"6":[0,0],"7":[0,0],"8":[0,0],"9":[0,0],"10":[0,0],"11":[0,0],"12":[0,0],"13":[0,0],"14":[0,0],"15":[0,0],"16":[0,0],"17":[0,0],"18":[0,0],"19":[0,0],"20":[0,0],"21":[0,0],"22":[0,0],"23":[0,0],"24":[0,0],"25":[0,0],"26":[0,0],"27":[0,0],"28":[0,0],"29":[0,0],"30":[0,0],"31":[0,0],"32":[0,0],"33":[0,0],"34":[0,0],"35":[0,0],"36":[0,0],"37":[0,0],"38":[0,0],"39":[0,0]},"_coverageSchema":"1a1c01bbd47fc00a2c39e90264f33305004495a9","hash":"559e2cefea3e16a13d6cd449bb181d5f8c3a87cc"}
,"C:\\Users\\khemr\\OneDrive\\Desktop\\lms\\server\\src\\features\\admin\\admin.routes.js": {"path":"C:\\Users\\khemr\\OneDrive\\Desktop\\lms\\server\\src\\features\\admin\\admin.routes.js","statementMap":{"0":{"start":{"line":1,"column":16},"end":{"line":1,"column":34}},"1":{"start":{"line":2,"column":15},"end":{"line":2,"column":31}},"2":{"start":{"line":3,"column":35},"end":{"line":3,"column":79}},"3":{"start":{"line":4,"column":17},"end":{"line":4,"column":62}},"4":{"start":{"line":5,"column":71},"end":{"line":5,"column":121}},"5":{"start":{"line":18,"column":4},"end":{"line":18,"column":33}},"6":{"start":{"line":19,"column":31},"end":{"line":19,"column":82}},"7":{"start":{"line":20,"column":23},"end":{"line":20,"column":57}},"8":{"start":{"line":21,"column":24},"end":{"line":21,"column":75}},"9":{"start":{"line":22,"column":24},"end":{"line":22,"column":69}},"10":{"start":{"line":23,"column":15},"end":{"line":23,"column":32}},"11":{"start":{"line":24,"column":15},"end":{"line":24,"column":58}},"12":{"start":{"line":30,"column":0},"end":{"line":30,"column":100}},"13":{"start":{"line":31,"column":0},"end":{"line":31,"column":156}},"14":{"start":{"line":32,"column":0},"end":{"line":32,"column":76}},"15":{"start":{"line":33,"column":0},"end":{"line":33,"column":138}},"16":{"start":{"line":34,"column":0},"end":{"line":34,"column":134}},"17":{"start":{"line":35,"column":0},"end":{"line":35,"column":115}},"18":{"start":{"line":38,"column":0},"end":{"line":38,"column":109}},"19":{"start":{"line":39,"column":0},"end":{"line":39,"column":115}},"20":{"start":{"line":42,"column":0},"end":{"line":42,"column":66}},"21":{"start":{"line":45,"column":0},"end":{"line":45,"column":105}},"22":{"start":{"line":48,"column":0},"end":{"line":48,"column":75}},"23":{"start":{"line":57,"column":4},"end":{"line":57,"column":45}},"24":{"start":{"line":59,"column":0},"end":{"line":59,"column":82}},"25":{"start":{"line":60,"column":0},"end":{"line":60,"column":72}},"26":{"start":{"line":61,"column":0},"end":{"line":61,"column":90}},"27":{"start":{"line":62,"column":0},"end":{"line":62,"column":130}},"28":{"start":{"line":65,"column":0},"end":{"line":65,"column":66}},"29":{"start":{"line":68,"column":0},"end":{"line":68,"column":108}},"30":{"start":{"line":69,"column":0},"end":{"line":69,"column":141}},"31":{"start":{"line":70,"column":0},"end":{"line":70,"column":154}},"32":{"start":{"line":71,"column":0},"end":{"line":71,"column":147}},"33":{"start":{"line":73,"column":0},"end":{"line":73,"column":24}}},"fnMap":{},"branchMap":{},"s":{"0":1,"1":1,"2":1,"3":1,"4":1,"5":1,"6":1,"7":1,"8":1,"9":1,"10":1,"11":1,"12":1,"13":1,"14":1,"15":1,"16":1,"17":1,"18":1,"19":1,"20":1,"21":1,"22":1,"23":1,"24":1,"25":1,"26":1,"27":1,"28":1,"29":1,"30":1,"31":1,"32":1,"33":1},"f":{},"b":{},"_coverageSchema":"1a1c01bbd47fc00a2c39e90264f33305004495a9","hash":"ffa9e8210824f50dd61693d17b47950ae1fe3f9a"}
,"C:\\Users\\khemr\\OneDrive\\Desktop\\lms\\server\\src\\features\\announcements\\announcement.controller.js": {"path":"C:\\Users\\khemr\\OneDrive\\Desktop\\lms\\server\\src\\features\\announcements\\announcement.controller.js","statementMap":{"0":{"start":{"line":1,"column":13},"end":{"line":1,"column":32}},"1":{"start":{"line":2,"column":28},"end":{"line":2,"column":61}},"2":{"start":{"line":5,"column":31},"end":{"line":22,"column":1}},"3":{"start":{"line":6,"column":4},"end":{"line":21,"column":5}},"4":{"start":{"line":7,"column":23},"end":{"line":7,"column":79}},"5":{"start":{"line":8,"column":8},"end":{"line":12,"column":11}},"6":{"start":{"line":14,"column":8},"end":{"line":14,"column":62}},"7":{"start":{"line":15,"column":8},"end":{"line":20,"column":11}},"8":{"start":{"line":25,"column":27},"end":{"line":56,"column":1}},"9":{"start":{"line":26,"column":4},"end":{"line":55,"column":5}},"10":{"start":{"line":27,"column":21},"end":{"line":27,"column":29}},"11":{"start":{"line":28,"column":23},"end":{"line":43,"column":9}},"12":{"start":{"line":45,"column":8},"end":{"line":45,"column":108}},"13":{"start":{"line":46,"column":8},"end":{"line":46,"column":59}},"14":{"start":{"line":47,"column":8},"end":{"line":47,"column":94}},"15":{"start":{"line":49,"column":8},"end":{"line":49,"column":59}},"16":{"start":{"line":50,"column":8},"end":{"line":54,"column":11}},"17":{"start":{"line":59,"column":28},"end":{"line":67,"column":1}},"18":{"start":{"line":60,"column":4},"end":{"line":66,"column":5}},"19":{"start":{"line":61,"column":23},"end":{"line":61,"column":76}},"20":{"start":{"line":62,"column":8},"end":{"line":62,"column":60}},"21":{"start":{"line":64,"column":8},"end":{"line":64,"column":27}},"22":{"start":{"line":65,"column":8},"end":{"line":65,"column":74}},"23":{"start":{"line":70,"column":21},"end":{"line":81,"column":1}},"24":{"start":{"line":71,"column":19},"end":{"line":71,"column":29}},"25":{"start":{"line":72,"column":26},"end":{"line":72,"column":34}},"26":{"start":{"line":73,"column":4},"end":{"line":80,"column":5}},"27":{"start":{"line":74,"column":8},"end":{"line":74,"column":96}},"28":{"start":{"line":75,"column":8},"end":{"line":75,"column":59}},"29":{"start":{"line":76,"column":8},"end":{"line":76,"column":88}},"30":{"start":{"line":78,"column":8},"end":{"line":78,"column":27}},"31":{"start":{"line":79,"column":8},"end":{"line":79,"column":75}},"32":{"start":{"line":84,"column":27},"end":{"line":94,"column":1}},"33":{"start":{"line":85,"column":19},"end":{"line":85,"column":29}},"34":{"start":{"line":86,"column":4},"end":{"line":93,"column":5}},"35":{"start":{"line":87,"column":8},"end":{"line":87,"column":67}},"36":{"start":{"line":88,"column":8},"end":{"line":88,"column":59}},"37":{"start":{"line":89,"column":8},"end":{"line":89,"column":81}},"38":{"start":{"line":91,"column":8},"end":{"line":91,"column":27}},"39":{"start":{"line":92,"column":8},"end":{"line":92,"column":77}},"40":{"start":{"line":97,"column":18},"end":{"line":105,"column":1}},"41":{"start":{"line":98,"column":19},"end":{"line":98,"column":29}},"42":{"start":{"line":99,"column":4},"end":{"line":104,"column":5}},"43":{"start":{"line":100,"column":8},"end":{"line":100,"column":71}},"44":{"start":{"line":101,"column":8},"end":{"line":101,"column":48}},"45":{"start":{"line":103,"column":8},"end":{"line":103,"column":49}},"46":{"start":{"line":107,"column":0},"end":{"line":114,"column":2}}},"fnMap":{"0":{"name":"(anonymous_0)","decl":{"start":{"line":5,"column":31},"end":{"line":5,"column":32}},"loc":{"start":{"line":5,"column":51},"end":{"line":22,"column":1}},"line":5},"1":{"name":"(anonymous_1)","decl":{"start":{"line":25,"column":27},"end":{"line":25,"column":28}},"loc":{"start":{"line":25,"column":47},"end":{"line":56,"column":1}},"line":25},"2":{"name":"(anonymous_2)","decl":{"start":{"line":59,"column":28},"end":{"line":59,"column":29}},"loc":{"start":{"line":59,"column":48},"end":{"line":67,"column":1}},"line":59},"3":{"name":"(anonymous_3)","decl":{"start":{"line":70,"column":21},"end":{"line":70,"column":22}},"loc":{"start":{"line":70,"column":41},"end":{"line":81,"column":1}},"line":70},"4":{"name":"(anonymous_4)","decl":{"start":{"line":84,"column":27},"end":{"line":84,"column":28}},"loc":{"start":{"line":84,"column":47},"end":{"line":94,"column":1}},"line":84},"5":{"name":"(anonymous_5)","decl":{"start":{"line":97,"column":18},"end":{"line":97,"column":19}},"loc":{"start":{"line":97,"column":38},"end":{"line":105,"column":1}},"line":97}},"branchMap":{"0":{"loc":{"start":{"line":33,"column":12},"end":{"line":33,"column":34}},"type":"cond-expr","locations":[{"start":{"line":33,"column":29},"end":{"line":33,"column":30}},{"start":{"line":33,"column":33},"end":{"line":33,"column":34}}],"line":33},"1":{"loc":{"start":{"line":37,"column":12},"end":{"line":37,"column":54}},"type":"binary-expr","locations":[{"start":{"line":37,"column":12},"end":{"line":37,"column":29}},{"start":{"line":37,"column":33},"end":{"line":37,"column":54}}],"line":37},"2":{"loc":{"start":{"line":40,"column":12},"end":{"line":40,"column":34}},"type":"cond-expr","locations":[{"start":{"line":40,"column":29},"end":{"line":40,"column":30}},{"start":{"line":40,"column":33},"end":{"line":40,"column":34}}],"line":40},"3":{"loc":{"start":{"line":41,"column":12},"end":{"line":41,"column":42}},"type":"cond-expr","locations":[{"start":{"line":41,"column":37},"end":{"line":41,"column":38}},{"start":{"line":41,"column":41},"end":{"line":41,"column":42}}],"line":41},"4":{"loc":{"start":{"line":42,"column":12},"end":{"line":42,"column":39}},"type":"cond-expr","locations":[{"start":{"line":42,"column":34},"end":{"line":42,"column":35}},{"start":{"line":42,"column":38},"end":{"line":42,"column":39}}],"line":42},"5":{"loc":{"start":{"line":74,"column":76},"end":{"line":74,"column":93}},"type":"cond-expr","locations":[{"start":{"line":74,"column":88},"end":{"line":74,"column":89}},{"start":{"line":74,"column":92},"end":{"line":74,"column":93}}],"line":74}},"s":{"0":1,"1":1,"2":1,"3":0,"4":0,"5":0,"6":0,"7":0,"8":1,"9":0,"10":0,"11":0,"12":0,"13":0,"14":0,"15":0,"16":0,"17":1,"18":0,"19":0,"20":0,"21":0,"22":0,"23":1,"24":0,"25":0,"26":0,"27":0,"28":0,"29":0,"30":0,"31":0,"32":1,"33":0,"34":0,"35":0,"36":0,"37":0,"38":0,"39":0,"40":1,"41":0,"42":0,"43":0,"44":0,"45":0,"46":1},"f":{"0":0,"1":0,"2":0,"3":0,"4":0,"5":0},"b":{"0":[0,0],"1":[0,0],"2":[0,0],"3":[0,0],"4":[0,0],"5":[0,0]},"_coverageSchema":"1a1c01bbd47fc00a2c39e90264f33305004495a9","hash":"898fbb114e15868fdc9f7e3ba90133fe41da9792"}
,"C:\\Users\\khemr\\OneDrive\\Desktop\\lms\\server\\src\\features\\announcements\\announcement.routes.js": {"path":"C:\\Users\\khemr\\OneDrive\\Desktop\\lms\\server\\src\\features\\announcements\\announcement.routes.js","statementMap":{"0":{"start":{"line":1,"column":16},"end":{"line":1,"column":34}},"1":{"start":{"line":2,"column":15},"end":{"line":2,"column":31}},"2":{"start":{"line":3,"column":31},"end":{"line":3,"column":67}},"3":{"start":{"line":4,"column":24},"end":{"line":4,"column":69}},"4":{"start":{"line":7,"column":0},"end":{"line":7,"column":91}},"5":{"start":{"line":8,"column":0},"end":{"line":8,"column":59}},"6":{"start":{"line":10,"column":0},"end":{"line":10,"column":24}}},"fnMap":{},"branchMap":{},"s":{"0":1,"1":1,"2":1,"3":1,"4":1,"5":1,"6":1},"f":{},"b":{},"_coverageSchema":"1a1c01bbd47fc00a2c39e90264f33305004495a9","hash":"d4acc6d065bdf654191e49715e0e7d1780d85833"}
,"C:\\Users\\khemr\\OneDrive\\Desktop\\lms\\server\\src\\features\\auth\\auth.controller.js": {"path":"C:\\Users\\khemr\\OneDrive\\Desktop\\lms\\server\\src\\features\\auth\\auth.controller.js","statementMap":{"0":{"start":{"line":1,"column":15},"end":{"line":1,"column":34}},"1":{"start":{"line":2,"column":35},"end":{"line":2,"column":50}},"2":{"start":{"line":3,"column":13},"end":{"line":3,"column":32}},"3":{"start":{"line":4,"column":28},"end":{"line":4,"column":66}},"4":{"start":{"line":5,"column":19},"end":{"line":5,"column":55}},"5":{"start":{"line":6,"column":15},"end":{"line":6,"column":32}},"6":{"start":{"line":7,"column":23},"end":{"line":7,"column":61}},"7":{"start":{"line":9,"column":19},"end":{"line":9,"column":41}},"8":{"start":{"line":10,"column":0},"end":{"line":13,"column":1}},"9":{"start":{"line":11,"column":4},"end":{"line":11,"column":61}},"10":{"start":{"line":12,"column":4},"end":{"line":12,"column":20}},"11":{"start":{"line":16,"column":25},"end":{"line":16,"column":80}},"12":{"start":{"line":18,"column":14},"end":{"line":160,"column":1}},"13":{"start":{"line":19,"column":18},"end":{"line":19,"column":32}},"14":{"start":{"line":20,"column":21},"end":{"line":20,"column":38}},"15":{"start":{"line":21,"column":22},"end":{"line":21,"column":63}},"16":{"start":{"line":22,"column":24},"end":{"line":22,"column":69}},"17":{"start":{"line":24,"column":4},"end":{"line":159,"column":5}},"18":{"start":{"line":25,"column":8},"end":{"line":25,"column":61}},"19":{"start":{"line":28,"column":30},"end":{"line":28,"column":90}},"20":{"start":{"line":30,"column":8},"end":{"line":48,"column":9}},"21":{"start":{"line":31,"column":48},"end":{"line":31,"column":62}},"22":{"start":{"line":32,"column":12},"end":{"line":47,"column":13}},"23":{"start":{"line":33,"column":33},"end":{"line":33,"column":94}},"24":{"start":{"line":34,"column":34},"end":{"line":34,"column":79}},"25":{"start":{"line":35,"column":34},"end":{"line":35,"column":65}},"26":{"start":{"line":36,"column":16},"end":{"line":42,"column":19}},"27":{"start":{"line":43,"column":16},"end":{"line":46,"column":19}},"28":{"start":{"line":50,"column":8},"end":{"line":52,"column":9}},"29":{"start":{"line":51,"column":12},"end":{"line":51,"column":92}},"30":{"start":{"line":55,"column":30},"end":{"line":55,"column":87}},"31":{"start":{"line":56,"column":8},"end":{"line":58,"column":9}},"32":{"start":{"line":57,"column":12},"end":{"line":57,"column":99}},"33":{"start":{"line":60,"column":29},"end":{"line":60,"column":43}},"34":{"start":{"line":61,"column":8},"end":{"line":61,"column":69}},"35":{"start":{"line":63,"column":8},"end":{"line":65,"column":9}},"36":{"start":{"line":64,"column":12},"end":{"line":64,"column":90}},"37":{"start":{"line":68,"column":23},"end":{"line":68,"column":82}},"38":{"start":{"line":70,"column":8},"end":{"line":155,"column":9}},"39":{"start":{"line":71,"column":25},"end":{"line":71,"column":32}},"40":{"start":{"line":72,"column":28},"end":{"line":72,"column":73}},"41":{"start":{"line":74,"column":12},"end":{"line":141,"column":13}},"42":{"start":{"line":76,"column":16},"end":{"line":91,"column":17}},"43":{"start":{"line":77,"column":38},"end":{"line":77,"column":83}},"44":{"start":{"line":78,"column":38},"end":{"line":78,"column":69}},"45":{"start":{"line":79,"column":20},"end":{"line":88,"column":23}},"46":{"start":{"line":90,"column":20},"end":{"line":90,"column":143}},"47":{"start":{"line":94,"column":16},"end":{"line":94,"column":79}},"48":{"start":{"line":96,"column":16},"end":{"line":96,"column":88}},"49":{"start":{"line":98,"column":28},"end":{"line":98,"column":82}},"50":{"start":{"line":100,"column":16},"end":{"line":105,"column":17}},"51":{"start":{"line":101,"column":20},"end":{"line":101,"column":83}},"52":{"start":{"line":103,"column":20},"end":{"line":103,"column":79}},"53":{"start":{"line":104,"column":20},"end":{"line":104,"column":125}},"54":{"start":{"line":107,"column":32},"end":{"line":107,"column":56}},"55":{"start":{"line":108,"column":29},"end":{"line":108,"column":100}},"56":{"start":{"line":109,"column":29},"end":{"line":109,"column":83}},"57":{"start":{"line":112,"column":16},"end":{"line":117,"column":19}},"58":{"start":{"line":119,"column":16},"end":{"line":124,"column":19}},"59":{"start":{"line":123,"column":84},"end":{"line":123,"column":112}},"60":{"start":{"line":127,"column":16},"end":{"line":127,"column":49}},"61":{"start":{"line":128,"column":34},"end":{"line":128,"column":79}},"62":{"start":{"line":129,"column":34},"end":{"line":129,"column":65}},"63":{"start":{"line":130,"column":16},"end":{"line":139,"column":19}},"64":{"start":{"line":140,"column":16},"end":{"line":140,"column":96}},"65":{"start":{"line":144,"column":12},"end":{"line":144,"column":45}},"66":{"start":{"line":145,"column":30},"end":{"line":145,"column":75}},"67":{"start":{"line":146,"column":30},"end":{"line":146,"column":61}},"68":{"start":{"line":147,"column":12},"end":{"line":153,"column":15}},"69":{"start":{"line":154,"column":12},"end":{"line":154,"column":92}},"70":{"start":{"line":157,"column":8},"end":{"line":157,"column":51}},"71":{"start":{"line":158,"column":8},"end":{"line":158,"column":74}},"72":{"start":{"line":162,"column":28},"end":{"line":174,"column":1}},"73":{"start":{"line":163,"column":19},"end":{"line":163,"column":79}},"74":{"start":{"line":164,"column":4},"end":{"line":173,"column":5}},"75":{"start":{"line":165,"column":28},"end":{"line":165,"column":48}},"76":{"start":{"line":166,"column":27},"end":{"line":166,"column":31}},"77":{"start":{"line":167,"column":8},"end":{"line":169,"column":9}},"78":{"start":{"line":168,"column":12},"end":{"line":168,"column":64}},"79":{"start":{"line":170,"column":8},"end":{"line":170,"column":105}},"80":{"start":{"line":172,"column":8},"end":{"line":172,"column":71}},"81":{"start":{"line":176,"column":15},"end":{"line":222,"column":1}},"82":{"start":{"line":177,"column":18},"end":{"line":177,"column":112}},"83":{"start":{"line":179,"column":4},"end":{"line":181,"column":5}},"84":{"start":{"line":180,"column":8},"end":{"line":180,"column":86}},"85":{"start":{"line":183,"column":4},"end":{"line":221,"column":5}},"86":{"start":{"line":185,"column":8},"end":{"line":191,"column":9}},"87":{"start":{"line":186,"column":32},"end":{"line":186,"column":73}},"88":{"start":{"line":187,"column":12},"end":{"line":187,"column":30}},"89":{"start":{"line":190,"column":12},"end":{"line":190,"column":27}},"90":{"start":{"line":193,"column":8},"end":{"line":212,"column":9}},"91":{"start":{"line":194,"column":30},"end":{"line":194,"column":103}},"92":{"start":{"line":197,"column":12},"end":{"line":197,"column":68}},"93":{"start":{"line":200,"column":35},"end":{"line":200,"column":91}},"94":{"start":{"line":201,"column":33},"end":{"line":201,"column":62}},"95":{"start":{"line":203,"column":12},"end":{"line":211,"column":13}},"96":{"start":{"line":204,"column":34},"end":{"line":204,"column":79}},"97":{"start":{"line":205,"column":34},"end":{"line":205,"column":65}},"98":{"start":{"line":207,"column":16},"end":{"line":210,"column":18}},"99":{"start":{"line":215,"column":8},"end":{"line":215,"column":33}},"100":{"start":{"line":217,"column":8},"end":{"line":217,"column":91}},"101":{"start":{"line":219,"column":8},"end":{"line":219,"column":44}},"102":{"start":{"line":220,"column":8},"end":{"line":220,"column":95}},"103":{"start":{"line":224,"column":18},"end":{"line":302,"column":1}},"104":{"start":{"line":225,"column":27},"end":{"line":225,"column":35}},"105":{"start":{"line":227,"column":4},"end":{"line":301,"column":5}},"106":{"start":{"line":228,"column":8},"end":{"line":230,"column":9}},"107":{"start":{"line":229,"column":12},"end":{"line":229,"column":100}},"108":{"start":{"line":233,"column":27},"end":{"line":233,"column":86}},"109":{"start":{"line":234,"column":8},"end":{"line":236,"column":9}},"110":{"start":{"line":235,"column":12},"end":{"line":235,"column":88}},"111":{"start":{"line":237,"column":21},"end":{"line":237,"column":32}},"112":{"start":{"line":240,"column":26},"end":{"line":240,"column":88}},"113":{"start":{"line":242,"column":8},"end":{"line":244,"column":9}},"114":{"start":{"line":243,"column":12},"end":{"line":243,"column":105}},"115":{"start":{"line":247,"column":8},"end":{"line":247,"column":69}},"116":{"start":{"line":250,"column":22},"end":{"line":259,"column":34}},"117":{"start":{"line":261,"column":37},"end":{"line":261,"column":78}},"118":{"start":{"line":262,"column":26},"end":{"line":262,"column":99}},"119":{"start":{"line":263,"column":26},"end":{"line":263,"column":71}},"120":{"start":{"line":264,"column":26},"end":{"line":264,"column":57}},"121":{"start":{"line":266,"column":8},"end":{"line":269,"column":10}},"122":{"start":{"line":271,"column":8},"end":{"line":280,"column":11}},"123":{"start":{"line":283,"column":8},"end":{"line":288,"column":11}},"124":{"start":{"line":291,"column":8},"end":{"line":296,"column":11}},"125":{"start":{"line":299,"column":8},"end":{"line":299,"column":54}},"126":{"start":{"line":300,"column":8},"end":{"line":300,"column":94}},"127":{"start":{"line":304,"column":18},"end":{"line":346,"column":1}},"128":{"start":{"line":305,"column":22},"end":{"line":305,"column":30}},"129":{"start":{"line":307,"column":4},"end":{"line":345,"column":5}},"130":{"start":{"line":308,"column":8},"end":{"line":310,"column":9}},"131":{"start":{"line":309,"column":12},"end":{"line":309,"column":90}},"132":{"start":{"line":313,"column":27},"end":{"line":313,"column":86}},"133":{"start":{"line":314,"column":8},"end":{"line":316,"column":9}},"134":{"start":{"line":315,"column":12},"end":{"line":315,"column":87}},"135":{"start":{"line":317,"column":21},"end":{"line":317,"column":32}},"136":{"start":{"line":320,"column":8},"end":{"line":320,"column":69}},"137":{"start":{"line":323,"column":20},"end":{"line":323,"column":74}},"138":{"start":{"line":325,"column":8},"end":{"line":325,"column":71}},"139":{"start":{"line":327,"column":8},"end":{"line":327,"column":74}},"140":{"start":{"line":329,"column":24},"end":{"line":329,"column":52}},"141":{"start":{"line":330,"column":21},"end":{"line":330,"column":119}},"142":{"start":{"line":331,"column":21},"end":{"line":331,"column":73}},"143":{"start":{"line":333,"column":8},"end":{"line":338,"column":11}},"144":{"start":{"line":340,"column":8},"end":{"line":340,"column":91}},"145":{"start":{"line":343,"column":8},"end":{"line":343,"column":48}},"146":{"start":{"line":344,"column":8},"end":{"line":344,"column":88}},"147":{"start":{"line":348,"column":23},"end":{"line":389,"column":1}},"148":{"start":{"line":349,"column":22},"end":{"line":349,"column":30}},"149":{"start":{"line":351,"column":4},"end":{"line":388,"column":5}},"150":{"start":{"line":352,"column":8},"end":{"line":354,"column":9}},"151":{"start":{"line":353,"column":12},"end":{"line":353,"column":90}},"152":{"start":{"line":356,"column":27},"end":{"line":356,"column":86}},"153":{"start":{"line":357,"column":8},"end":{"line":359,"column":9}},"154":{"start":{"line":358,"column":12},"end":{"line":358,"column":105}},"155":{"start":{"line":360,"column":21},"end":{"line":360,"column":32}},"156":{"start":{"line":363,"column":8},"end":{"line":363,"column":69}},"157":{"start":{"line":366,"column":20},"end":{"line":366,"column":74}},"158":{"start":{"line":368,"column":8},"end":{"line":368,"column":71}},"159":{"start":{"line":370,"column":8},"end":{"line":370,"column":73}},"160":{"start":{"line":372,"column":24},"end":{"line":372,"column":52}},"161":{"start":{"line":373,"column":21},"end":{"line":373,"column":173}},"162":{"start":{"line":374,"column":21},"end":{"line":374,"column":84}},"163":{"start":{"line":376,"column":8},"end":{"line":381,"column":11}},"164":{"start":{"line":383,"column":8},"end":{"line":383,"column":97}},"165":{"start":{"line":386,"column":8},"end":{"line":386,"column":53}},"166":{"start":{"line":387,"column":8},"end":{"line":387,"column":74}},"167":{"start":{"line":391,"column":22},"end":{"line":433,"column":1}},"168":{"start":{"line":392,"column":18},"end":{"line":392,"column":32}},"169":{"start":{"line":393,"column":16},"end":{"line":393,"column":28}},"170":{"start":{"line":394,"column":24},"end":{"line":394,"column":69}},"171":{"start":{"line":396,"column":4},"end":{"line":432,"column":5}},"172":{"start":{"line":397,"column":8},"end":{"line":399,"column":9}},"173":{"start":{"line":398,"column":12},"end":{"line":398,"column":96}},"174":{"start":{"line":402,"column":27},"end":{"line":402,"column":86}},"175":{"start":{"line":403,"column":8},"end":{"line":405,"column":9}},"176":{"start":{"line":404,"column":12},"end":{"line":404,"column":87}},"177":{"start":{"line":406,"column":21},"end":{"line":406,"column":32}},"178":{"start":{"line":409,"column":26},"end":{"line":409,"column":88}},"179":{"start":{"line":411,"column":8},"end":{"line":413,"column":9}},"180":{"start":{"line":412,"column":12},"end":{"line":412,"column":102}},"181":{"start":{"line":416,"column":21},"end":{"line":416,"column":45}},"182":{"start":{"line":417,"column":31},"end":{"line":417,"column":67}},"183":{"start":{"line":420,"column":8},"end":{"line":420,"column":87}},"184":{"start":{"line":423,"column":8},"end":{"line":423,"column":69}},"185":{"start":{"line":425,"column":8},"end":{"line":425,"column":77}},"186":{"start":{"line":427,"column":8},"end":{"line":427,"column":114}},"187":{"start":{"line":430,"column":8},"end":{"line":430,"column":52}},"188":{"start":{"line":431,"column":8},"end":{"line":431,"column":74}},"189":{"start":{"line":435,"column":0},"end":{"line":442,"column":2}}},"fnMap":{"0":{"name":"(anonymous_0)","decl":{"start":{"line":18,"column":14},"end":{"line":18,"column":15}},"loc":{"start":{"line":18,"column":34},"end":{"line":160,"column":1}},"line":18},"1":{"name":"(anonymous_1)","decl":{"start":{"line":123,"column":65},"end":{"line":123,"column":66}},"loc":{"start":{"line":123,"column":84},"end":{"line":123,"column":112}},"line":123},"2":{"name":"(anonymous_2)","decl":{"start":{"line":162,"column":28},"end":{"line":162,"column":29}},"loc":{"start":{"line":162,"column":45},"end":{"line":174,"column":1}},"line":162},"3":{"name":"(anonymous_3)","decl":{"start":{"line":176,"column":15},"end":{"line":176,"column":16}},"loc":{"start":{"line":176,"column":35},"end":{"line":222,"column":1}},"line":176},"4":{"name":"(anonymous_4)","decl":{"start":{"line":224,"column":18},"end":{"line":224,"column":19}},"loc":{"start":{"line":224,"column":38},"end":{"line":302,"column":1}},"line":224},"5":{"name":"(anonymous_5)","decl":{"start":{"line":304,"column":18},"end":{"line":304,"column":19}},"loc":{"start":{"line":304,"column":38},"end":{"line":346,"column":1}},"line":304},"6":{"name":"(anonymous_6)","decl":{"start":{"line":348,"column":23},"end":{"line":348,"column":24}},"loc":{"start":{"line":348,"column":43},"end":{"line":389,"column":1}},"line":348},"7":{"name":"(anonymous_7)","decl":{"start":{"line":391,"column":22},"end":{"line":391,"column":23}},"loc":{"start":{"line":391,"column":42},"end":{"line":433,"column":1}},"line":391}},"branchMap":{"0":{"loc":{"start":{"line":10,"column":0},"end":{"line":13,"column":1}},"type":"if","locations":[{"start":{"line":10,"column":0},"end":{"line":13,"column":1}},{"start":{},"end":{}}],"line":10},"1":{"loc":{"start":{"line":21,"column":22},"end":{"line":21,"column":63}},"type":"binary-expr","locations":[{"start":{"line":21,"column":22},"end":{"line":21,"column":40}},{"start":{"line":21,"column":44},"end":{"line":21,"column":63}}],"line":21},"2":{"loc":{"start":{"line":22,"column":24},"end":{"line":22,"column":69}},"type":"binary-expr","locations":[{"start":{"line":22,"column":24},"end":{"line":22,"column":44}},{"start":{"line":22,"column":48},"end":{"line":22,"column":69}}],"line":22},"3":{"loc":{"start":{"line":30,"column":8},"end":{"line":48,"column":9}},"type":"if","locations":[{"start":{"line":30,"column":8},"end":{"line":48,"column":9}},{"start":{},"end":{}}],"line":30},"4":{"loc":{"start":{"line":32,"column":12},"end":{"line":47,"column":13}},"type":"if","locations":[{"start":{"line":32,"column":12},"end":{"line":47,"column":13}},{"start":{},"end":{}}],"line":32},"5":{"loc":{"start":{"line":32,"column":16},"end":{"line":32,"column":69}},"type":"binary-expr","locations":[{"start":{"line":32,"column":16},"end":{"line":32,"column":29}},{"start":{"line":32,"column":33},"end":{"line":32,"column":69}}],"line":32},"6":{"loc":{"start":{"line":34,"column":34},"end":{"line":34,"column":79}},"type":"binary-expr","locations":[{"start":{"line":34,"column":34},"end":{"line":34,"column":40}},{"start":{"line":34,"column":44},"end":{"line":34,"column":73}},{"start":{"line":34,"column":77},"end":{"line":34,"column":79}}],"line":34},"7":{"loc":{"start":{"line":35,"column":34},"end":{"line":35,"column":65}},"type":"binary-expr","locations":[{"start":{"line":35,"column":34},"end":{"line":35,"column":59}},{"start":{"line":35,"column":63},"end":{"line":35,"column":65}}],"line":35},"8":{"loc":{"start":{"line":50,"column":8},"end":{"line":52,"column":9}},"type":"if","locations":[{"start":{"line":50,"column":8},"end":{"line":52,"column":9}},{"start":{},"end":{}}],"line":50},"9":{"loc":{"start":{"line":50,"column":12},"end":{"line":50,"column":38}},"type":"binary-expr","locations":[{"start":{"line":50,"column":12},"end":{"line":50,"column":22}},{"start":{"line":50,"column":26},"end":{"line":50,"column":38}}],"line":50},"10":{"loc":{"start":{"line":56,"column":8},"end":{"line":58,"column":9}},"type":"if","locations":[{"start":{"line":56,"column":8},"end":{"line":58,"column":9}},{"start":{},"end":{}}],"line":56},"11":{"loc":{"start":{"line":63,"column":8},"end":{"line":65,"column":9}},"type":"if","locations":[{"start":{"line":63,"column":8},"end":{"line":65,"column":9}},{"start":{},"end":{}}],"line":63},"12":{"loc":{"start":{"line":70,"column":8},"end":{"line":155,"column":9}},"type":"if","locations":[{"start":{"line":70,"column":8},"end":{"line":155,"column":9}},{"start":{"line":142,"column":15},"end":{"line":155,"column":9}}],"line":70},"13":{"loc":{"start":{"line":74,"column":12},"end":{"line":141,"column":13}},"type":"if","locations":[{"start":{"line":74,"column":12},"end":{"line":141,"column":13}},{"start":{"line":125,"column":19},"end":{"line":141,"column":13}}],"line":74},"14":{"loc":{"start":{"line":76,"column":16},"end":{"line":91,"column":17}},"type":"if","locations":[{"start":{"line":76,"column":16},"end":{"line":91,"column":17}},{"start":{},"end":{}}],"line":76},"15":{"loc":{"start":{"line":77,"column":38},"end":{"line":77,"column":83}},"type":"binary-expr","locations":[{"start":{"line":77,"column":38},"end":{"line":77,"column":44}},{"start":{"line":77,"column":48},"end":{"line":77,"column":77}},{"start":{"line":77,"column":81},"end":{"line":77,"column":83}}],"line":77},"16":{"loc":{"start":{"line":78,"column":38},"end":{"line":78,"column":69}},"type":"binary-expr","locations":[{"start":{"line":78,"column":38},"end":{"line":78,"column":63}},{"start":{"line":78,"column":67},"end":{"line":78,"column":69}}],"line":78},"17":{"loc":{"start":{"line":109,"column":45},"end":{"line":109,"column":68}},"type":"binary-expr","locations":[{"start":{"line":109,"column":45},"end":{"line":109,"column":54}},{"start":{"line":109,"column":58},"end":{"line":109,"column":68}}],"line":109},"18":{"loc":{"start":{"line":128,"column":34},"end":{"line":128,"column":79}},"type":"binary-expr","locations":[{"start":{"line":128,"column":34},"end":{"line":128,"column":40}},{"start":{"line":128,"column":44},"end":{"line":128,"column":73}},{"start":{"line":128,"column":77},"end":{"line":128,"column":79}}],"line":128},"19":{"loc":{"start":{"line":129,"column":34},"end":{"line":129,"column":65}},"type":"binary-expr","locations":[{"start":{"line":129,"column":34},"end":{"line":129,"column":59}},{"start":{"line":129,"column":63},"end":{"line":129,"column":65}}],"line":129},"20":{"loc":{"start":{"line":145,"column":30},"end":{"line":145,"column":75}},"type":"binary-expr","locations":[{"start":{"line":145,"column":30},"end":{"line":145,"column":36}},{"start":{"line":145,"column":40},"end":{"line":145,"column":69}},{"start":{"line":145,"column":73},"end":{"line":145,"column":75}}],"line":145},"21":{"loc":{"start":{"line":146,"column":30},"end":{"line":146,"column":61}},"type":"binary-expr","locations":[{"start":{"line":146,"column":30},"end":{"line":146,"column":55}},{"start":{"line":146,"column":59},"end":{"line":146,"column":61}}],"line":146},"22":{"loc":{"start":{"line":164,"column":4},"end":{"line":173,"column":5}},"type":"if","locations":[{"start":{"line":164,"column":4},"end":{"line":173,"column":5}},{"start":{"line":171,"column":11},"end":{"line":173,"column":5}}],"line":164},"23":{"loc":{"start":{"line":167,"column":8},"end":{"line":169,"column":9}},"type":"if","locations":[{"start":{"line":167,"column":8},"end":{"line":169,"column":9}},{"start":{},"end":{}}],"line":167},"24":{"loc":{"start":{"line":177,"column":18},"end":{"line":177,"column":112}},"type":"binary-expr","locations":[{"start":{"line":177,"column":18},"end":{"line":177,"column":36}},{"start":{"line":177,"column":40},"end":{"line":177,"column":82}},{"start":{"line":177,"column":86},"end":{"line":177,"column":112}}],"line":177},"25":{"loc":{"start":{"line":179,"column":4},"end":{"line":181,"column":5}},"type":"if","locations":[{"start":{"line":179,"column":4},"end":{"line":181,"column":5}},{"start":{},"end":{}}],"line":179},"26":{"loc":{"start":{"line":193,"column":8},"end":{"line":212,"column":9}},"type":"if","locations":[{"start":{"line":193,"column":8},"end":{"line":212,"column":9}},{"start":{},"end":{}}],"line":193},"27":{"loc":{"start":{"line":193,"column":12},"end":{"line":193,"column":34}},"type":"binary-expr","locations":[{"start":{"line":193,"column":12},"end":{"line":193,"column":19}},{"start":{"line":193,"column":23},"end":{"line":193,"column":34}}],"line":193},"28":{"loc":{"start":{"line":203,"column":12},"end":{"line":211,"column":13}},"type":"if","locations":[{"start":{"line":203,"column":12},"end":{"line":211,"column":13}},{"start":{},"end":{}}],"line":203},"29":{"loc":{"start":{"line":204,"column":34},"end":{"line":204,"column":79}},"type":"binary-expr","locations":[{"start":{"line":204,"column":34},"end":{"line":204,"column":40}},{"start":{"line":204,"column":44},"end":{"line":204,"column":73}},{"start":{"line":204,"column":77},"end":{"line":204,"column":79}}],"line":204},"30":{"loc":{"start":{"line":205,"column":34},"end":{"line":205,"column":65}},"type":"binary-expr","locations":[{"start":{"line":205,"column":34},"end":{"line":205,"column":59}},{"start":{"line":205,"column":63},"end":{"line":205,"column":65}}],"line":205},"31":{"loc":{"start":{"line":209,"column":28},"end":{"line":209,"column":46}},"type":"binary-expr","locations":[{"start":{"line":209,"column":28},"end":{"line":209,"column":38}},{"start":{"line":209,"column":42},"end":{"line":209,"column":46}}],"line":209},"32":{"loc":{"start":{"line":209,"column":48},"end":{"line":209,"column":68}},"type":"binary-expr","locations":[{"start":{"line":209,"column":48},"end":{"line":209,"column":60}},{"start":{"line":209,"column":64},"end":{"line":209,"column":68}}],"line":209},"33":{"loc":{"start":{"line":209,"column":70},"end":{"line":209,"column":91}},"type":"binary-expr","locations":[{"start":{"line":209,"column":70},"end":{"line":209,"column":83}},{"start":{"line":209,"column":87},"end":{"line":209,"column":91}}],"line":209},"34":{"loc":{"start":{"line":209,"column":93},"end":{"line":209,"column":113}},"type":"binary-expr","locations":[{"start":{"line":209,"column":93},"end":{"line":209,"column":105}},{"start":{"line":209,"column":109},"end":{"line":209,"column":113}}],"line":209},"35":{"loc":{"start":{"line":228,"column":8},"end":{"line":230,"column":9}},"type":"if","locations":[{"start":{"line":228,"column":8},"end":{"line":230,"column":9}},{"start":{},"end":{}}],"line":228},"36":{"loc":{"start":{"line":228,"column":12},"end":{"line":228,"column":26}},"type":"binary-expr","locations":[{"start":{"line":228,"column":12},"end":{"line":228,"column":18}},{"start":{"line":228,"column":22},"end":{"line":228,"column":26}}],"line":228},"37":{"loc":{"start":{"line":234,"column":8},"end":{"line":236,"column":9}},"type":"if","locations":[{"start":{"line":234,"column":8},"end":{"line":236,"column":9}},{"start":{},"end":{}}],"line":234},"38":{"loc":{"start":{"line":242,"column":8},"end":{"line":244,"column":9}},"type":"if","locations":[{"start":{"line":242,"column":8},"end":{"line":244,"column":9}},{"start":{},"end":{}}],"line":242},"39":{"loc":{"start":{"line":263,"column":26},"end":{"line":263,"column":71}},"type":"binary-expr","locations":[{"start":{"line":263,"column":26},"end":{"line":263,"column":32}},{"start":{"line":263,"column":36},"end":{"line":263,"column":65}},{"start":{"line":263,"column":69},"end":{"line":263,"column":71}}],"line":263},"40":{"loc":{"start":{"line":264,"column":26},"end":{"line":264,"column":57}},"type":"binary-expr","locations":[{"start":{"line":264,"column":26},"end":{"line":264,"column":51}},{"start":{"line":264,"column":55},"end":{"line":264,"column":57}}],"line":264},"41":{"loc":{"start":{"line":285,"column":20},"end":{"line":285,"column":65}},"type":"binary-expr","locations":[{"start":{"line":285,"column":20},"end":{"line":285,"column":57}},{"start":{"line":285,"column":61},"end":{"line":285,"column":65}}],"line":285},"42":{"loc":{"start":{"line":308,"column":8},"end":{"line":310,"column":9}},"type":"if","locations":[{"start":{"line":308,"column":8},"end":{"line":310,"column":9}},{"start":{},"end":{}}],"line":308},"43":{"loc":{"start":{"line":314,"column":8},"end":{"line":316,"column":9}},"type":"if","locations":[{"start":{"line":314,"column":8},"end":{"line":316,"column":9}},{"start":{},"end":{}}],"line":314},"44":{"loc":{"start":{"line":331,"column":37},"end":{"line":331,"column":60}},"type":"binary-expr","locations":[{"start":{"line":331,"column":37},"end":{"line":331,"column":46}},{"start":{"line":331,"column":50},"end":{"line":331,"column":60}}],"line":331},"45":{"loc":{"start":{"line":352,"column":8},"end":{"line":354,"column":9}},"t
[...]
tart":{"line":59,"column":8},"end":{"line":59,"column":22}},"15":{"start":{"line":63,"column":4},"end":{"line":73,"column":5}},"16":{"start":{"line":65,"column":28},"end":{"line":65,"column":55}},"17":{"start":{"line":67,"column":8},"end":{"line":72,"column":9}},"18":{"start":{"line":68,"column":12},"end":{"line":71,"column":15}},"19":{"start":{"line":75,"column":4},"end":{"line":75,"column":11}},"20":{"start":{"line":78,"column":0},"end":{"line":83,"column":2}}},"fnMap":{"0":{"name":"(anonymous_0)","decl":{"start":{"line":43,"column":23},"end":{"line":43,"column":24}},"loc":{"start":{"line":43,"column":43},"end":{"line":76,"column":1}},"line":43}},"branchMap":{"0":{"loc":{"start":{"line":46,"column":4},"end":{"line":55,"column":5}},"type":"if","locations":[{"start":{"line":46,"column":4},"end":{"line":55,"column":5}},{"start":{},"end":{}}],"line":46},"1":{"loc":{"start":{"line":49,"column":20},"end":{"line":49,"column":65}},"type":"binary-expr","locations":[{"start":{"line":49,"column":20},"end":{"line":49,"column":57}},{"start":{"line":49,"column":61},"end":{"line":49,"column":65}}],"line":49},"2":{"loc":{"start":{"line":58,"column":4},"end":{"line":60,"column":5}},"type":"if","locations":[{"start":{"line":58,"column":4},"end":{"line":60,"column":5}},{"start":{},"end":{}}],"line":58},"3":{"loc":{"start":{"line":63,"column":4},"end":{"line":73,"column":5}},"type":"if","locations":[{"start":{"line":63,"column":4},"end":{"line":73,"column":5}},{"start":{},"end":{}}],"line":63},"4":{"loc":{"start":{"line":67,"column":8},"end":{"line":72,"column":9}},"type":"if","locations":[{"start":{"line":67,"column":8},"end":{"line":72,"column":9}},{"start":{},"end":{}}],"line":67},"5":{"loc":{"start":{"line":67,"column":12},"end":{"line":67,"column":53}},"type":"binary-expr","locations":[{"start":{"line":67,"column":12},"end":{"line":67,"column":24}},{"start":{"line":67,"column":28},"end":{"line":67,"column":53}}],"line":67}},"s":{"0":1,"1":1,"2":1,"3":1,"4":1,"5":1,"6":1,"7":1,"8":1,"9":4,"10":4,"11":4,"12":4,"13":4,"14":4,"15":0,"16":0,"17":0,"18":0,"19":0,"20":1},"f":{"0":4},"b":{"0":[4,0],"1":[4,4],"2":[4,0],"3":[0,0],"4":[0,0],"5":[0,0]},"_coverageSchema":"1a1c01bbd47fc00a2c39e90264f33305004495a9","hash":"3e5120c7440df570de954abc491d2dc466659340"}
,"C:\\Users\\khemr\\OneDrive\\Desktop\\lms\\server\\src\\middlewares\\upload.middleware.js": {"path":"C:\\Users\\khemr\\OneDrive\\Desktop\\lms\\server\\src\\middlewares\\upload.middleware.js","statementMap":{"0":{"start":{"line":1,"column":15},"end":{"line":1,"column":32}},"1":{"start":{"line":2,"column":13},"end":{"line":2,"column":28}},"2":{"start":{"line":5,"column":20},"end":{"line":8,"column":2}},"3":{"start":{"line":6,"column":36},"end":{"line":6,"column":56}},"4":{"start":{"line":7,"column":33},"end":{"line":7,"column":87}},"5":{"start":{"line":10,"column":15},"end":{"line":30,"column":2}},"6":{"start":{"line":13,"column":28},"end":{"line":13,"column":70}},"7":{"start":{"line":14,"column":29},"end":{"line":14,"column":89}},"8":{"start":{"line":16,"column":20},"end":{"line":16,"column":65}},"9":{"start":{"line":17,"column":21},"end":{"line":17,"column":48}},"10":{"start":{"line":20,"column":29},"end":{"line":20,"column":54}},"11":{"start":{"line":21,"column":30},"end":{"line":21,"column":57}},"12":{"start":{"line":23,"column":8},"end":{"line":27,"column":9}},"13":{"start":{"line":24,"column":12},"end":{"line":24,"column":27}},"14":{"start":{"line":26,"column":12},"end":{"line":26,"column":129}},"15":{"start":{"line":33,"column":19},"end":{"line":33,"column":41}},"16":{"start":{"line":34,"column":18},"end":{"line":44,"column":2}},"17":{"start":{"line":37,"column":29},"end":{"line":37,"column":69}},"18":{"start":{"line":38,"column":8},"end":{"line":42,"column":9}},"19":{"start":{"line":39,"column":12},"end":{"line":39,"column":27}},"20":{"start":{"line":41,"column":12},"end":{"line":41,"column":62}},"21":{"start":{"line":46,"column":0},"end":{"line":46,"column":39}}},"fnMap":{"0":{"name":"(anonymous_0)","decl":{"start":{"line":6,"column":17},"end":{"line":6,"column":18}},"loc":{"start":{"line":6,"column":36},"end":{"line":6,"column":56}},"line":6},"1":{"name":"(anonymous_1)","decl":{"start":{"line":7,"column":14},"end":{"line":7,"column":15}},"loc":{"start":{"line":7,"column":33},"end":{"line":7,"column":87}},"line":7},"2":{"name":"(anonymous_2)","decl":{"start":{"line":12,"column":16},"end":{"line":12,"column":17}},"loc":{"start":{"line":12,"column":35},"end":{"line":28,"column":5}},"line":12},"3":{"name":"(anonymous_3)","decl":{"start":{"line":36,"column":16},"end":{"line":36,"column":17}},"loc":{"start":{"line":36,"column":35},"end":{"line":43,"column":5}},"line":36}},"branchMap":{"0":{"loc":{"start":{"line":23,"column":8},"end":{"line":27,"column":9}},"type":"if","locations":[{"start":{"line":23,"column":8},"end":{"line":27,"column":9}},{"start":{"line":25,"column":15},"end":{"line":27,"column":9}}],"line":23},"1":{"loc":{"start":{"line":23,"column":12},"end":{"line":23,"column":41}},"type":"binary-expr","locations":[{"start":{"line":23,"column":12},"end":{"line":23,"column":24}},{"start":{"line":23,"column":28},"end":{"line":23,"column":41}}],"line":23},"2":{"loc":{"start":{"line":38,"column":8},"end":{"line":42,"column":9}},"type":"if","locations":[{"start":{"line":38,"column":8},"end":{"line":42,"column":9}},{"start":{"line":40,"column":15},"end":{"line":42,"column":9}}],"line":38},"3":{"loc":{"start":{"line":38,"column":12},"end":{"line":38,"column":108}},"type":"binary-expr","locations":[{"start":{"line":38,"column":12},"end":{"line":38,"column":68}},{"start":{"line":38,"column":72},"end":{"line":38,"column":108}}],"line":38}},"s":{"0":1,"1":1,"2":1,"3":0,"4":0,"5":1,"6":0,"7":0,"8":0,"9":0,"10":0,"11":0,"12":0,"13":0,"14":0,"15":1,"16":1,"17":0,"18":0,"19":0,"20":0,"21":1},"f":{"0":0,"1":0,"2":0,"3":0},"b":{"0":[0,0],"1":[0,0],"2":[0,0],"3":[0,0]},"_coverageSchema":"1a1c01bbd47fc00a2c39e90264f33305004495a9","hash":"93e07a6d36c62c5ef13a3c9084e224edad3a3c3b"}
,"C:\\Users\\khemr\\OneDrive\\Desktop\\lms\\server\\src\\middlewares\\validation.middleware.js": {"path":"C:\\Users\\khemr\\OneDrive\\Desktop\\lms\\server\\src\\middlewares\\validation.middleware.js","statementMap":{"0":{"start":{"line":1,"column":35},"end":{"line":1,"column":63}},"1":{"start":{"line":3,"column":23},"end":{"line":15,"column":1}},"2":{"start":{"line":4,"column":19},"end":{"line":4,"column":40}},"3":{"start":{"line":5,"column":4},"end":{"line":13,"column":5}},"4":{"start":{"line":6,"column":30},"end":{"line":6,"column":71}},"5":{"start":{"line":6,"column":54},"end":{"line":6,"column":59}},"6":{"start":{"line":8,"column":8},"end":{"line":12,"column":11}},"7":{"start":{"line":14,"column":4},"end":{"line":14,"column":11}},"8":{"start":{"line":18,"column":24},"end":{"line":28,"column":1}},"9":{"start":{"line":31,"column":34},"end":{"line":53,"column":1}},"10":{"start":{"line":34,"column":23},"end":{"line":34,"column":56}},"11":{"start":{"line":35,"column":12},"end":{"line":35,"column":65}},"12":{"start":{"line":35,"column":21},"end":{"line":35,"column":65}},"13":{"start":{"line":36,"column":12},"end":{"line":36,"column":120}},"14":{"start":{"line":36,"column":46},"end":{"line":36,"column":120}},"15":{"start":{"line":37,"column":12},"end":{"line":37,"column":24}},"16":{"start":{"line":56,"column":23},"end":{"line":79,"column":1}},"17":{"start":{"line":59,"column":12},"end":{"line":61,"column":13}},"18":{"start":{"line":60,"column":16},"end":{"line":60,"column":55}},"19":{"start":{"line":62,"column":12},"end":{"line":62,"column":24}},"20":{"start":{"line":82,"column":25},"end":{"line":106,"column":1}},"21":{"start":{"line":85,"column":12},"end":{"line":87,"column":13}},"22":{"start":{"line":86,"column":16},"end":{"line":86,"column":57}},"23":{"start":{"line":88,"column":12},"end":{"line":88,"column":24}},"24":{"start":{"line":108,"column":0},"end":{"line":114,"column":2}}},"fnMap":{"0":{"name":"(anonymous_0)","decl":{"start":{"line":3,"column":23},"end":{"line":3,"column":24}},"loc":{"start":{"line":3,"column":43},"end":{"line":15,"column":1}},"line":3},"1":{"name":"(anonymous_1)","decl":{"start":{"line":6,"column":49},"end":{"line":6,"column":50}},"loc":{"start":{"line":6,"column":54},"end":{"line":6,"column":59}},"line":6},"2":{"name":"(anonymous_2)","decl":{"start":{"line":33,"column":16},"end":{"line":33,"column":17}},"loc":{"start":{"line":33,"column":36},"end":{"line":38,"column":9}},"line":33},"3":{"name":"(anonymous_3)","decl":{"start":{"line":58,"column":16},"end":{"line":58,"column":17}},"loc":{"start":{"line":58,"column":36},"end":{"line":63,"column":9}},"line":58},"4":{"name":"(anonymous_4)","decl":{"start":{"line":84,"column":16},"end":{"line":84,"column":17}},"loc":{"start":{"line":84,"column":36},"end":{"line":89,"column":9}},"line":84}},"branchMap":{"0":{"loc":{"start":{"line":5,"column":4},"end":{"line":13,"column":5}},"type":"if","locations":[{"start":{"line":5,"column":4},"end":{"line":13,"column":5}},{"start":{},"end":{}}],"line":5},"1":{"loc":{"start":{"line":34,"column":23},"end":{"line":34,"column":56}},"type":"binary-expr","locations":[{"start":{"line":34,"column":23},"end":{"line":34,"column":38}},{"start":{"line":34,"column":42},"end":{"line":34,"column":56}}],"line":34},"2":{"loc":{"start":{"line":35,"column":12},"end":{"line":35,"column":65}},"type":"if","locations":[{"start":{"line":35,"column":12},"end":{"line":35,"column":65}},{"start":{},"end":{}}],"line":35},"3":{"loc":{"start":{"line":36,"column":12},"end":{"line":36,"column":120}},"type":"if","locations":[{"start":{"line":36,"column":12},"end":{"line":36,"column":120}},{"start":{},"end":{}}],"line":36},"4":{"loc":{"start":{"line":59,"column":12},"end":{"line":61,"column":13}},"type":"if","locations":[{"start":{"line":59,"column":12},"end":{"line":61,"column":13}},{"start":{},"end":{}}],"line":59},"5":{"loc":{"start":{"line":59,"column":16},"end":{"line":59,"column":71}},"type":"binary-expr","locations":[{"start":{"line":59,"column":16},"end":{"line":59,"column":33}},{"start":{"line":59,"column":37},"end":{"line":59,"column":53}},{"start":{"line":59,"column":57},"end":{"line":59,"column":71}}],"line":59},"6":{"loc":{"start":{"line":85,"column":12},"end":{"line":87,"column":13}},"type":"if","locations":[{"start":{"line":85,"column":12},"end":{"line":87,"column":13}},{"start":{},"end":{}}],"line":85},"7":{"loc":{"start":{"line":85,"column":16},"end":{"line":85,"column":75}},"type":"binary-expr","locations":[{"start":{"line":85,"column":16},"end":{"line":85,"column":35}},{"start":{"line":85,"column":39},"end":{"line":85,"column":57}},{"start":{"line":85,"column":61},"end":{"line":85,"column":75}}],"line":85}},"s":{"0":1,"1":1,"2":4,"3":4,"4":0,"5":0,"6":0,"7":4,"8":1,"9":1,"10":0,"11":0,"12":0,"13":0,"14":0,"15":0,"16":1,"17":0,"18":0,"19":0,"20":1,"21":0,"22":0,"23":0,"24":1},"f":{"0":4,"1":0,"2":0,"3":0,"4":0},"b":{"0":[0,4],"1":[0,0],"2":[0,0],"3":[0,0],"4":[0,0],"5":[0,0,0],"6":[0,0],"7":[0,0,0]},"_coverageSchema":"1a1c01bbd47fc00a2c39e90264f33305004495a9","hash":"9c52354651b2b5c72ce99d443452b04dc28b8151"}
,"C:\\Users\\khemr\\OneDrive\\Desktop\\lms\\server\\src\\utils\\cache.util.js": {"path":"C:\\Users\\khemr\\OneDrive\\Desktop\\lms\\server\\src\\utils\\cache.util.js","statementMap":{"0":{"start":{"line":1,"column":20},"end":{"line":1,"column":46}},"1":{"start":{"line":7,"column":24},"end":{"line":22,"column":1}},"2":{"start":{"line":8,"column":4},"end":{"line":21,"column":5}},"3":{"start":{"line":9,"column":8},"end":{"line":12,"column":9}},"4":{"start":{"line":10,"column":12},"end":{"line":10,"column":90}},"5":{"start":{"line":11,"column":12},"end":{"line":11,"column":19}},"6":{"start":{"line":14,"column":21},"end":{"line":14,"column":52}},"7":{"start":{"line":15,"column":8},"end":{"line":18,"column":9}},"8":{"start":{"line":16,"column":12},"end":{"line":16,"column":40}},"9":{"start":{"line":17,"column":12},"end":{"line":17,"column":90}},"10":{"start":{"line":20,"column":8},"end":{"line":20,"column":58}},"11":{"start":{"line":24,"column":0},"end":{"line":26,"column":2}}},"fnMap":{"0":{"name":"(anonymous_0)","decl":{"start":{"line":7,"column":24},"end":{"line":7,"column":25}},"loc":{"start":{"line":7,"column":43},"end":{"line":22,"column":1}},"line":7}},"branchMap":{"0":{"loc":{"start":{"line":9,"column":8},"end":{"line":12,"column":9}},"type":"if","locations":[{"start":{"line":9,"column":8},"end":{"line":12,"column":9}},{"start":{},"end":{}}],"line":9},"1":{"loc":{"start":{"line":15,"column":8},"end":{"line":18,"column":9}},"type":"if","locations":[{"start":{"line":15,"column":8},"end":{"line":18,"column":9}},{"start":{},"end":{}}],"line":15},"2":{"loc":{"start":{"line":15,"column":12},"end":{"line":15,"column":35}},"type":"binary-expr","locations":[{"start":{"line":15,"column":12},"end":{"line":15,"column":16}},{"start":{"line":15,"column":20},"end":{"line":15,"column":35}}],"line":15}},"s":{"0":1,"1":1,"2":0,"3":0,"4":0,"5":0,"6":0,"7":0,"8":0,"9":0,"10":0,"11":1},"f":{"0":0},"b":{"0":[0,0],"1":[0,0],"2":[0,0]},"_coverageSchema":"1a1c01bbd47fc00a2c39e90264f33305004495a9","hash":"1aba533570b5ab2c8655076e7a8a59eae0ddc76f"}
,"C:\\Users\\khemr\\OneDrive\\Desktop\\lms\\server\\src\\utils\\email-templates.js": {"path":"C:\\Users\\khemr\\OneDrive\\Desktop\\lms\\server\\src\\utils\\email-templates.js","statementMap":{"0":{"start":{"line":1,"column":11},"end":{"line":1,"column":24}},"1":{"start":{"line":2,"column":13},"end":{"line":2,"column":28}},"2":{"start":{"line":5,"column":25},"end":{"line":12,"column":1}},"3":{"start":{"line":6,"column":4},"end":{"line":11,"column":5}},"4":{"start":{"line":7,"column":8},"end":{"line":7,"column":93}},"5":{"start":{"line":9,"column":8},"end":{"line":9,"column":66}},"6":{"start":{"line":10,"column":8},"end":{"line":10,"column":18}},"7":{"start":{"line":17,"column":21},"end":{"line":26,"column":1}},"8":{"start":{"line":18,"column":21},"end":{"line":18,"column":50}},"9":{"start":{"line":19,"column":20},"end":{"line":19,"column":48}},"10":{"start":{"line":20,"column":17},"end":{"line":20,"column":52}},"11":{"start":{"line":22,"column":4},"end":{"line":25,"column":35}},"12":{"start":{"line":31,"column":35},"end":{"line":41,"column":1}},"13":{"start":{"line":32,"column":24},"end":{"line":32,"column":56}},"14":{"start":{"line":33,"column":29},"end":{"line":33,"column":59}},"15":{"start":{"line":35,"column":20},"end":{"line":38,"column":49}},"16":{"start":{"line":40,"column":4},"end":{"line":40,"column":33}},"17":{"start":{"line":46,"column":24},"end":{"line":56,"column":1}},"18":{"start":{"line":47,"column":28},"end":{"line":47,"column":56}},"19":{"start":{"line":48,"column":19},"end":{"line":48,"column":97}},"20":{"start":{"line":50,"column":20},"end":{"line":53,"column":40}},"21":{"start":{"line":55,"column":4},"end":{"line":55,"column":33}},"22":{"start":{"line":61,"column":33},"end":{"line":77,"column":1}},"23":{"start":{"line":62,"column":29},"end":{"line":62,"column":67}},"24":{"start":{"line":64,"column":22},"end":{"line":64,"column":41}},"25":{"start":{"line":65,"column":22},"end":{"line":65,"column":65}},"26":{"start":{"line":66,"column":21},"end":{"line":66,"column":63}},"27":{"start":{"line":68,"column":20},"end":{"line":74,"column":46}},"28":{"start":{"line":76,"column":4},"end":{"line":76,"column":33}},"29":{"start":{"line":82,"column":29},"end":{"line":92,"column":1}},"30":{"start":{"line":83,"column":29},"end":{"line":83,"column":63}},"31":{"start":{"line":85,"column":20},"end":{"line":89,"column":46}},"32":{"start":{"line":91,"column":4},"end":{"line":91,"column":33}},"33":{"start":{"line":97,"column":35},"end":{"line":108,"column":1}},"34":{"start":{"line":98,"column":32},"end":{"line":98,"column":72}},"35":{"start":{"line":99,"column":18},"end":{"line":99,"column":49}},"36":{"start":{"line":101,"column":20},"end":{"line":105,"column":35}},"37":{"start":{"line":107,"column":4},"end":{"line":107,"column":33}},"38":{"start":{"line":110,"column":0},"end":{"line":116,"column":2}}},"fnMap":{"0":{"name":"(anonymous_0)","decl":{"start":{"line":5,"column":25},"end":{"line":5,"column":26}},"loc":{"start":{"line":5,"column":39},"end":{"line":12,"column":1}},"line":5},"1":{"name":"(anonymous_1)","decl":{"start":{"line":17,"column":21},"end":{"line":17,"column":22}},"loc":{"start":{"line":17,"column":34},"end":{"line":26,"column":1}},"line":17},"2":{"name":"(anonymous_2)","decl":{"start":{"line":31,"column":35},"end":{"line":31,"column":36}},"loc":{"start":{"line":31,"column":67},"end":{"line":41,"column":1}},"line":31},"3":{"name":"(anonymous_3)","decl":{"start":{"line":46,"column":24},"end":{"line":46,"column":25}},"loc":{"start":{"line":46,"column":66},"end":{"line":56,"column":1}},"line":46},"4":{"name":"(anonymous_4)","decl":{"start":{"line":61,"column":33},"end":{"line":61,"column":34}},"loc":{"start":{"line":61,"column":80},"end":{"line":77,"column":1}},"line":61},"5":{"name":"(anonymous_5)","decl":{"start":{"line":82,"column":29},"end":{"line":82,"column":30}},"loc":{"start":{"line":82,"column":76},"end":{"line":92,"column":1}},"line":82},"6":{"name":"(anonymous_6)","decl":{"start":{"line":97,"column":35},"end":{"line":97,"column":36}},"loc":{"start":{"line":97,"column":70},"end":{"line":108,"column":1}},"line":97}},"branchMap":{"0":{"loc":{"start":{"line":37,"column":35},"end":{"line":37,"column":57}},"type":"binary-expr","locations":[{"start":{"line":37,"column":35},"end":{"line":37,"column":45}},{"start":{"line":37,"column":49},"end":{"line":37,"column":57}}],"line":37},"1":{"loc":{"start":{"line":46,"column":44},"end":{"line":46,"column":61}},"type":"default-arg","locations":[{"start":{"line":46,"column":54},"end":{"line":46,"column":61}}],"line":46},"2":{"loc":{"start":{"line":48,"column":19},"end":{"line":48,"column":97}},"type":"cond-expr","locations":[{"start":{"line":48,"column":50},"end":{"line":48,"column":71}},{"start":{"line":48,"column":74},"end":{"line":48,"column":97}}],"line":48},"3":{"loc":{"start":{"line":51,"column":33},"end":{"line":51,"column":51}},"type":"binary-expr","locations":[{"start":{"line":51,"column":33},"end":{"line":51,"column":41}},{"start":{"line":51,"column":45},"end":{"line":51,"column":51}}],"line":51},"4":{"loc":{"start":{"line":65,"column":22},"end":{"line":65,"column":65}},"type":"cond-expr","locations":[{"start":{"line":65,"column":34},"end":{"line":65,"column":48}},{"start":{"line":65,"column":51},"end":{"line":65,"column":65}}],"line":65},"5":{"loc":{"start":{"line":66,"column":21},"end":{"line":66,"column":63}},"type":"cond-expr","locations":[{"start":{"line":66,"column":33},"end":{"line":66,"column":45}},{"start":{"line":66,"column":48},"end":{"line":66,"column":63}}],"line":66},"6":{"loc":{"start":{"line":70,"column":35},"end":{"line":70,"column":57}},"type":"binary-expr","locations":[{"start":{"line":70,"column":35},"end":{"line":70,"column":45}},{"start":{"line":70,"column":49},"end":{"line":70,"column":57}}],"line":70},"7":{"loc":{"start":{"line":86,"column":35},"end":{"line":86,"column":57}},"type":"binary-expr","locations":[{"start":{"line":86,"column":35},"end":{"line":86,"column":45}},{"start":{"line":86,"column":49},"end":{"line":86,"column":57}}],"line":86},"8":{"loc":{"start":{"line":102,"column":35},"end":{"line":102,"column":57}},"type":"binary-expr","locations":[{"start":{"line":102,"column":35},"end":{"line":102,"column":45}},{"start":{"line":102,"column":49},"end":{"line":102,"column":57}}],"line":102}},"s":{"0":1,"1":1,"2":1,"3":3,"4":3,"5":0,"6":0,"7":1,"8":1,"9":1,"10":1,"11":1,"12":1,"13":0,"14":0,"15":0,"16":0,"17":1,"18":1,"19":1,"20":1,"21":1,"22":1,"23":0,"24":0,"25":0,"26":0,"27":0,"28":0,"29":1,"30":0,"31":0,"32":0,"33":1,"34":0,"35":0,"36":0,"37":0,"38":1},"f":{"0":3,"1":1,"2":0,"3":1,"4":0,"5":0,"6":0},"b":{"0":[0,0],"1":[0],"2":[0,1],"3":[1,0],"4":[0,0],"5":[0,0],"6":[0,0],"7":[0,0],"8":[0,0]},"_coverageSchema":"1a1c01bbd47fc00a2c39e90264f33305004495a9","hash":"c59b20cfb450bfa07563847946d88cbddd7b9524"}
}
