TN:
SF:src\app.js
FN:36,(anonymous_0)
FN:38,(anonymous_1)
FN:66,(anonymous_2)
FN:72,(anonymous_3)
FN:93,(anonymous_4)
FN:98,(anonymous_5)
FNF:6
FNH:2
FNDA:4,(anonymous_0)
FNDA:4,(anonymous_1)
FNDA:0,(anonymous_2)
FNDA:0,(anonymous_3)
FNDA:0,(anonymous_4)
FNDA:0,(anonymous_5)
DA:1,1
DA:2,1
DA:3,1
DA:6,1
DA:7,1
DA:8,1
DA:9,1
DA:10,1
DA:13,1
DA:14,1
DA:15,1
DA:16,1
DA:17,1
DA:18,1
DA:19,1
DA:20,1
DA:22,1
DA:27,1
DA:28,1
DA:29,1
DA:30,1
DA:31,1
DA:32,1
DA:33,1
DA:36,1
DA:37,4
DA:38,4
DA:39,4
DA:40,4
DA:48,4
DA:49,3
DA:51,1
DA:54,4
DA:59,1
DA:66,1
DA:67,0
DA:71,1
DA:72,1
DA:73,0
DA:75,1
DA:76,1
DA:77,1
DA:78,1
DA:79,1
DA:82,1
DA:85,1
DA:86,1
DA:87,1
DA:88,1
DA:89,1
DA:90,1
DA:93,1
DA:94,0
DA:98,1
DA:99,0
DA:108,0
DA:114,1
LF:57
LH:52
BRDA:45,0,0,4
BRDA:45,0,1,4
BRDA:48,1,0,3
BRDA:48,1,1,1
BRDA:105,2,0,0
BRDA:105,2,1,0
BRF:6
BRH:4
end_of_record
TN:
SF:src\common\services\audit.service.js
FN:11,(anonymous_0)
FNF:1
FNH:0
FNDA:0,(anonymous_0)
DA:1,1
DA:11,1
DA:12,0
DA:13,0
DA:23,0
DA:27,1
LF:6
LH:3
BRDA:11,0,0,0
BRDA:16,1,0,0
BRDA:16,1,1,0
BRDA:17,2,0,0
BRDA:17,2,1,0
BRF:5
BRH:0
end_of_record
TN:
SF:src\common\services\sanitizer.service.js
FN:5,(anonymous_0)
FN:12,(anonymous_1)
FN:20,(anonymous_2)
FNF:3
FNH:0
FNDA:0,(anonymous_0)
FNDA:0,(anonymous_1)
FNDA:0,(anonymous_2)
DA:5,1
DA:6,0
DA:7,0
DA:10,0
DA:12,0
DA:14,0
DA:17,0
DA:20,1
DA:21,0
DA:22,0
DA:23,0
DA:25,0
DA:28,1
LF:13
LH:3
BRDA:6,0,0,0
BRDA:6,0,1,0
BRDA:7,1,0,0
BRDA:7,1,1,0
BRDA:12,2,0,0
BRDA:12,2,1,0
BRF:6
BRH:0
end_of_record
TN:
SF:src\config\redis.js
FN:11,(anonymous_0)
FN:22,(anonymous_1)
FN:27,(anonymous_2)
FNF:3
FNH:2
FNDA:1,(anonymous_0)
FNDA:0,(anonymous_1)
FNDA:1,(anonymous_2)
DA:1,1
DA:2,1
DA:5,1
DA:9,1
DA:11,1
DA:12,1
DA:13,1
DA:14,1
DA:15,1
DA:18,0
DA:22,1
DA:23,0
DA:27,1
DA:28,1
DA:29,1
DA:31,0
DA:35,1
LF:17
LH:14
BRDA:6,0,0,1
BRDA:6,0,1,1
BRDA:12,1,0,1
BRDA:12,1,1,0
BRDA:12,2,0,1
BRDA:12,2,1,0
BRDA:12,2,2,0
BRDA:13,3,0,1
BRDA:13,3,1,0
BRDA:18,4,0,0
BRDA:18,4,1,0
BRF:11
BRH:5
end_of_record
TN:
SF:src\features\admin\admin.controller.js
FN:7,(anonymous_0)
FN:37,(anonymous_1)
FN:53,(anonymous_2)
FN:72,(anonymous_3)
FN:87,(anonymous_4)
FN:88,(anonymous_5)
FN:93,(anonymous_6)
FN:103,(anonymous_7)
FN:104,(anonymous_8)
FN:112,(anonymous_9)
FN:141,(anonymous_10)
FN:152,(anonymous_11)
FN:168,(anonymous_12)
FN:175,(anonymous_13)
FN:201,(anonymous_14)
FN:208,(anonymous_15)
FN:234,(anonymous_16)
FN:255,(anonymous_17)
FN:259,(anonymous_18)
FN:267,(anonymous_19)
FN:312,(anonymous_20)
FN:339,(anonymous_21)
FNF:22
FNH:0
FNDA:0,(anonymous_0)
FNDA:0,(anonymous_1)
FNDA:0,(anonymous_2)
FNDA:0,(anonymous_3)
FNDA:0,(anonymous_4)
FNDA:0,(anonymous_5)
FNDA:0,(anonymous_6)
FNDA:0,(anonymous_7)
FNDA:0,(anonymous_8)
FNDA:0,(anonymous_9)
FNDA:0,(anonymous_10)
FNDA:0,(anonymous_11)
FNDA:0,(anonymous_12)
FNDA:0,(anonymous_13)
FNDA:0,(anonymous_14)
FNDA:0,(anonymous_15)
FNDA:0,(anonymous_16)
FNDA:0,(anonymous_17)
FNDA:0,(anonymous_18)
FNDA:0,(anonymous_19)
FNDA:0,(anonymous_20)
FNDA:0,(anonymous_21)
DA:1,1
DA:2,1
DA:3,1
DA:4,1
DA:7,1
DA:8,0
DA:9,0
DA:10,0
DA:12,0
DA:13,0
DA:14,0
DA:15,0
DA:16,0
DA:17,0
DA:20,0
DA:21,0
DA:25,0
DA:27,0
DA:28,0
DA:30,0
DA:31,0
DA:37,1
DA:38,0
DA:39,0
DA:40,0
DA:42,0
DA:43,0
DA:53,1
DA:54,0
DA:55,0
DA:57,0
DA:58,0
DA:61,0
DA:62,0
DA:63,0
DA:64,0
DA:66,0
DA:67,0
DA:72,1
DA:73,0
DA:74,0
DA:75,0
DA:76,0
DA:77,0
DA:78,0
DA:81,0
DA:82,0
DA:83,0
DA:85,0
DA:86,0
DA:87,0
DA:88,0
DA:91,0
DA:92,0
DA:93,0
DA:94,0
DA:95,0
DA:96,0
DA:97,0
DA:98,0
DA:102,0
DA:103,0
DA:104,0
DA:107,0
DA:108,0
DA:111,0
DA:112,0
DA:118,0
DA:135,0
DA:136,0
DA:141,1
DA:142,0
DA:143,0
DA:144,0
DA:145,0
DA:147,0
DA:148,0
DA:152,1
DA:153,0
DA:154,0
DA:155,0
DA:156,0
DA:157,0
DA:158,0
DA:159,0
DA:161,0
DA:163,0
DA:164,0
DA:168,1
DA:169,0
DA:170,0
DA:172,0
DA:176,0
DA:177,0
DA:178,0
DA:180,0
DA:181,0
DA:182,0
DA:183,0
DA:184,0
DA:185,0
DA:187,0
DA:191,0
DA:193,0
DA:196,0
DA:201,1
DA:202,0
DA:203,0
DA:205,0
DA:209,0
DA:210,0
DA:211,0
DA:213,0
DA:214,0
DA:215,0
DA:216,0
DA:217,0
DA:218,0
DA:220,0
DA:224,0
DA:226,0
DA:229,0
DA:234,1
DA:235,0
DA:238,0
DA:247,0
DA:248,0
DA:249,0
DA:250,0
DA:251,0
DA:254,0
DA:255,0
DA:258,0
DA:259,0
DA:262,0
DA:263,0
DA:266,0
DA:267,0
DA:278,0
DA:279,0
DA:284,0
DA:290,0
DA:307,0
DA:308,0
DA:312,1
DA:313,0
DA:314,0
DA:315,0
DA:316,0
DA:318,0
DA:319,0
DA:321,0
DA:323,0
DA:334,0
DA:335,0
DA:339,1
DA:340,0
DA:341,0
DA:343,0
DA:344,0
DA:347,0
DA:348,0
DA:352,0
DA:353,0
DA:355,0
DA:357,0
DA:361,0
DA:364,0
DA:366,0
DA:367,0
DA:371,1
LF:171
LH:16
BRDA:9,0,0,0
BRDA:9,0,1,0
BRDA:12,1,0,0
BRDA:12,1,1,0
BRDA:17,2,0,0
BRDA:17,2,1,0
BRDA:27,3,0,0
BRDA:27,3,1,0
BRDA:57,4,0,0
BRDA:57,4,1,0
BRDA:57,5,0,0
BRDA:57,5,1,0
BRDA:95,6,0,0
BRDA:95,6,1,0
BRDA:96,7,0,0
BRDA:96,7,1,0
BRDA:97,8,0,0
BRDA:97,8,1,0
BRDA:98,9,0,0
BRDA:98,9,1,0
BRDA:103,10,0,0
BRDA:103,10,1,0
BRDA:159,11,0,0
BRDA:159,11,1,0
BRDA:169,12,0,0
BRDA:169,12,1,0
BRDA:183,13,0,0
BRDA:183,13,1,0
BRDA:183,14,0,0
BRDA:183,14,1,0
BRDA:189,15,0,0
BRDA:189,15,1,0
BRDA:189,16,0,0
BRDA:189,16,1,0
BRDA:189,17,0,0
BRDA:189,17,1,0
BRDA:189,18,0,0
BRDA:189,18,1,0
BRDA:189,19,0,0
BRDA:189,19,1,0
BRDA:189,20,0,0
BRDA:189,20,1,0
BRDA:202,21,0,0
BRDA:202,21,1,0
BRDA:216,22,0,0
BRDA:216,22,1,0
BRDA:216,23,0,0
BRDA:216,23,1,0
BRDA:222,24,0,0
BRDA:222,24,1,0
BRDA:222,25,0,0
BRDA:222,25,1,0
BRDA:222,26,0,0
BRDA:222,26,1,0
BRDA:247,27,0,0
BRDA:247,27,1,0
BRDA:248,28,0,0
BRDA:248,28,1,0
BRDA:250,29,0,0
BRDA:250,29,1,0
BRDA:251,30,0,0
BRDA:251,30,1,0
BRDA:279,31,0,0
BRDA:279,31,1,0
BRDA:300,32,0,0
BRDA:300,32,1,0
BRDA:301,33,0,0
BRDA:301,33,1,0
BRDA:302,34,0,0
BRDA:302,34,1,0
BRDA:314,35,0,0
BRDA:314,35,1,0
BRDA:315,36,0,0
BRDA:315,36,1,0
BRDA:343,37,0,0
BRDA:343,37,1,0
BRDA:352,38,0,0
BRDA:352,38,1,0
BRDA:364,39,0,0
BRDA:364,39,1,0
BRF:80
BRH:0
end_of_record
TN:
SF:src\features\admin\admin.routes.js
FNF:0
FNH:0
DA:1,1
DA:2,1
DA:3,1
DA:4,1
DA:5,1
DA:18,1
DA:19,1
DA:20,1
DA:21,1
DA:22,1
DA:23,1
DA:24,1
DA:30,1
DA:31,1
DA:32,1
DA:33,1
DA:34,1
DA:35,1
DA:38,1
DA:39,1
DA:42,1
DA:45,1
DA:48,1
DA:57,1
DA:59,1
DA:60,1
DA:61,1
DA:62,1
DA:65,1
DA:68,1
DA:69,1
DA:70,1
DA:71,1
DA:73,1
LF:34
LH:34
BRF:0
BRH:0
end_of_record
TN:
SF:src\features\announcements\announcement.controller.js
FN:5,(anonymous_0)
FN:25,(anonymous_1)
FN:59,(anonymous_2)
FN:70,(anonymous_3)
FN:84,(anonymous_4)
FN:97,(anonymous_5)
FNF:6
FNH:0
FNDA:0,(anonymous_0)
FNDA:0,(anonymous_1)
FNDA:0,(anonymous_2)
FNDA:0,(anonymous_3)
FNDA:0,(anonymous_4)
FNDA:0,(anonymous_5)
DA:1,1
DA:2,1
DA:5,1
DA:6,0
DA:7,0
DA:8,0
DA:14,0
DA:15,0
DA:25,1
DA:26,0
DA:27,0
DA:28,0
DA:45,0
DA:46,0
DA:47,0
DA:49,0
DA:50,0
DA:59,1
DA:60,0
DA:61,0
DA:62,0
DA:64,0
DA:65,0
DA:70,1
DA:71,0
DA:72,0
DA:73,0
DA:74,0
DA:75,0
DA:76,0
DA:78,0
DA:79,0
DA:84,1
DA:85,0
DA:86,0
DA:87,0
DA:88,0
DA:89,0
DA:91,0
DA:92,0
DA:97,1
DA:98,0
DA:99,0
DA:100,0
DA:101,0
DA:103,0
DA:107,1
LF:47
LH:9
BRDA:33,0,0,0
BRDA:33,0,1,0
BRDA:37,1,0,0
BRDA:37,1,1,0
BRDA:40,2,0,0
BRDA:40,2,1,0
BRDA:41,3,0,0
BRDA:41,3,1,0
BRDA:42,4,0,0
BRDA:42,4,1,0
BRDA:74,5,0,0
BRDA:74,5,1,0
BRF:12
BRH:0
end_of_record
TN:
SF:src\features\announcements\announcement.routes.js
FNF:0
FNH:0
DA:1,1
DA:2,1
DA:3,1
DA:4,1
DA:7,1
DA:8,1
DA:10,1
LF:7
LH:7
BRF:0
BRH:0
end_of_record
TN:
SF:src\features\auth\auth.controller.js
FN:18,(anonymous_0)
FN:123,(anonymous_1)
FN:162,(anonymous_2)
FN:176,(anonymous_3)
FN:224,(anonymous_4)
FN:304,(anonymous_5)
FN:348,(anonymous_6)
FN:391,(anonymous_7)
FNF:8
FNH:3
FNDA:4,(anonymous_0)
FNDA:1,(anonymous_1)
FNDA:1,(anonymous_2)
FNDA:0,(anonymous_3)
FNDA:0,(anonymous_4)
FNDA:0,(anonymous_5)
FNDA:0,(anonymous_6)
FNDA:0,(anonymous_7)
DA:1,1
DA:2,1
DA:3,1
DA:4,1
DA:5,1
DA:6,1
DA:7,1
DA:9,1
DA:10,1
DA:11,0
DA:12,0
DA:16,1
DA:18,1
DA:19,4
DA:20,4
DA:21,4
DA:22,4
DA:24,4
DA:25,4
DA:28,4
DA:30,4
DA:31,0
DA:32,0
DA:33,0
DA:34,0
DA:35,0
DA:36,0
DA:43,0
DA:50,4
DA:51,1
DA:55,3
DA:56,3
DA:57,1
DA:60,2
DA:61,2
DA:63,2
DA:64,0
DA:68,2
DA:70,2
DA:71,2
DA:72,2
DA:74,2
DA:76,1
DA:77,0
DA:78,0
DA:79,0
DA:90,0
DA:94,1
DA:96,1
DA:98,1
DA:100,1
DA:101,1
DA:103,0
DA:104,0
DA:107,1
DA:108,1
DA:109,1
DA:112,1
DA:119,1
DA:123,1
DA:127,1
DA:128,1
DA:129,1
DA:130,1
DA:140,1
DA:144,0
DA:145,0
DA:146,0
DA:147,0
DA:154,0
DA:157,0
DA:158,0
DA:162,1
DA:163,1
DA:164,1
DA:165,0
DA:166,0
DA:167,0
DA:168,0
DA:170,0
DA:172,1
DA:176,1
DA:177,0
DA:179,0
DA:180,0
DA:183,0
DA:185,0
DA:186,0
DA:187,0
DA:190,0
DA:193,0
DA:194,0
DA:197,0
DA:200,0
DA:201,0
DA:203,0
DA:204,0
DA:205,0
DA:207,0
DA:215,0
DA:217,0
DA:219,0
DA:220,0
DA:224,1
DA:225,0
DA:227,0
DA:228,0
DA:229,0
DA:233,0
DA:234,0
DA:235,0
DA:237,0
DA:240,0
DA:242,0
DA:243,0
DA:247,0
DA:250,0
DA:261,0
DA:262,0
DA:263,0
DA:264,0
DA:266,0
DA:271,0
DA:283,0
DA:291,0
DA:299,0
DA:300,0
DA:304,1
DA:305,0
DA:307,0
DA:308,0
DA:309,0
DA:313,0
DA:314,0
DA:315,0
DA:317,0
DA:320,0
DA:323,0
DA:325,0
DA:327,0
DA:329,0
DA:330,0
DA:331,0
DA:333,0
DA:340,0
DA:343,0
DA:344,0
DA:348,1
DA:349,0
DA:351,0
DA:352,0
DA:353,0
DA:356,0
DA:357,0
DA:358,0
DA:360,0
DA:363,0
DA:366,0
DA:368,0
DA:370,0
DA:372,0
DA:373,0
DA:374,0
DA:376,0
DA:383,0
DA:386,0
DA:387,0
DA:391,1
DA:392,0
DA:393,0
DA:394,0
DA:396,0
DA:397,0
DA:398,0
DA:402,0
DA:403,0
DA:404,0
DA:406,0
DA:409,0
DA:411,0
DA:412,0
DA:416,0
DA:417,0
DA:420,0
DA:423,0
DA:425,0
DA:427,0
DA:430,0
DA:431,0
DA:435,1
LF:190
LH:59
BRDA:10,0,0,0
BRDA:10,0,1,1
BRDA:21,1,0,4
BRDA:21,1,1,4
BRDA:22,2,0,4
BRDA:22,2,1,4
BRDA:30,3,0,0
BRDA:30,3,1,4
BRDA:32,4,0,0
BRDA:32,4,1,0
BRDA:32,5,0,0
BRDA:32,5,1,0
BRDA:34,6,0,0
BRDA:34,6,1,0
BRDA:34,6,2,0
BRDA:35,7,0,0
BRDA:35,7,1,0
BRDA:50,8,0,1
BRDA:50,8,1,3
BRDA:50,9,0,4
BRDA:50,9,1,3
BRDA:56,10,0,1
BRDA:56,10,1,2
BRDA:63,11,0,0
BRDA:63,11,1,2
BRDA:70,12,0,2
BRDA:70,12,1,0
BRDA:74,13,0,1
BRDA:74,13,1,1
BRDA:76,14,0,0
BRDA:76,14,1,1
BRDA:77,15,0,0
BRDA:77,15,1,0
BRDA:77,15,2,0
BRDA:78,16,0,0
BRDA:78,16,1,0
BRDA:109,17,0,1
BRDA:109,17,1,0
BRDA:128,18,0,1
BRDA:128,18,1,0
BRDA:128,18,2,0
BRDA:129,19,0,1
BRDA:129,19,1,1
BRDA:145,20,0,0
BRDA:145,20,1,0
BRDA:145,20,2,0
BRDA:146,21,0,0
BRDA:146,21,1,0
BRDA:164,22,0,0
BRDA:164,22,1,1
BRDA:167,23,0,0
BRDA:167,23,1,0
BRDA:177,24,0,0
BRDA:177,24,1,0
BRDA:177,24,2,0
BRDA:179,25,0,0
BRDA:179,25,1,0
BRDA:193,26,0,0
BRDA:193,26,1,0
BRDA:193,27,0,0
BRDA:193,27,1,0
BRDA:203,28,0,0
BRDA:203,28,1,0
BRDA:204,29,0,0
BRDA:204,29,1,0
BRDA:204,29,2,0
BRDA:205,30,0,0
BRDA:205,30,1,0
BRDA:209,31,0,0
BRDA:209,31,1,0
BRDA:209,32,0,0
BRDA:209,32,1,0
BRDA:209,33,0,0
BRDA:209,33,1,0
BRDA:209,34,0,0
BRDA:209,34,1,0
BRDA:228,35,0,0
BRDA:228,35,1,0
BRDA:228,36,0,0
BRDA:228,36,1,0
BRDA:234,37,0,0
BRDA:234,37,1,0
BRDA:242,38,0,0
BRDA:242,38,1,0
BRDA:263,39,0,0
BRDA:263,39,1,0
BRDA:263,39,2,0
BRDA:264,40,0,0
BRDA:264,40,1,0
BRDA:285,41,0,0
BRDA:285,41,1,0
BRDA:308,42,0,0
BRDA:308,42,1,0
BRDA:314,43,0,0
BRDA:314,43,1,0
BRDA:331,44,0,0
BRDA:331,44,1,0
BRDA:352,45,0,0
BRDA:352,45,1,0
BRDA:357,46,0,0
BRDA:357,46,1,0
BRDA:374,47,0,0
BRDA:374,47,1,0
BRDA:394,48,0,0
BRDA:394,48,1,0
BRDA:397,49,0,0
BRDA:397,49,1,0
BRDA:397,50,0,0
BRDA:397,50,1,0
BRDA:397,50,2,0
BRDA:403,51,0,0
BRDA:403,51,1,0
BRDA:411,52,0,0
BRDA:411,52,1,0
BRF:114
BRH:22
end_of_record
TN:
SF:src\features\books\book.controller.js
FN:7,(anonymous_0)
FN:49,(anonymous_1)
FN:63,(anonymous_2)
FN:74,(anonymous_3)
FN:90,(anonymous_4)
FN:105,(anonymous_5)
FN:111,(anonymous_6)
FN:135,(anonymous_7)
FN:146,(anonymous_8)
FN:162,(anonymous_9)
FN:172,(anonymous_10)
FN:183,(anonymous_11)
FN:194,(anonymous_12)
FNF:13
FNH:0
FNDA:0,(anonymous_0)
FNDA:0,(anonymous_1)
FNDA:0,(anonymous_2)
FNDA:0,(anonymous_3)
FNDA:0,(anonymous_4)
FNDA:0,(anonymous_5)
FNDA:0,(anonymous_6)
FNDA:0,(anonymous_7)
FNDA:0,(anonymous_8)
FNDA:0,(anonymous_9)
FNDA:0,(anonymous_10)
FNDA:0,(anonymous_11)
FNDA:0,(anonymous_12)
DA:1,1
DA:2,1
DA:3,1
DA:4,1
DA:7,1
DA:8,0
DA:9,0
DA:10,0
DA:11,0
DA:12,0
DA:13,0
DA:14,0
DA:16,0
DA:17,0
DA:21,0
DA:22,0
DA:23,0
DA:24,0
DA:25,0
DA:26,0
DA:31,0
DA:33,0
DA:35,0
DA:36,0
DA:37,0
DA:38,0
DA:40,0
DA:41,0
DA:43,0
DA:44,0
DA:49,1
DA:50,0
DA:51,0
DA:52,0
DA:54,0
DA:55,0
DA:57,0
DA:58,0
DA:63,1
DA:64,0
DA:65,0
DA:66,0
DA:68,0
DA:69,0
DA:74,1
DA:75,0
DA:76,0
DA:77,0
DA:79,0
DA:81,0
DA:82,0
DA:84,0
DA:85,0
DA:90,1
DA:91,0
DA:92,0
DA:93,0
DA:94,0
DA:96,0
DA:97,0
DA:99,0
DA:100,0
DA:105,1
DA:106,0
DA:107,0
DA:108,0
DA:111,0
DA:114,0
DA:115,0
DA:116,0
DA:117,0
DA:118,0
DA:119,0
DA:120,0
DA:122,0
DA:123,0
DA:124,0
DA:126,0
DA:128,0
DA:131,0
DA:132,0
DA:135,1
DA:136,0
DA:137,0
DA:138,0
DA:139,0
DA:140,0
DA:141,0
DA:143,0
DA:146,1
DA:147,0
DA:148,0
DA:149,0
DA:150,0
DA:151,0
DA:152,0
DA:153,0
DA:154,0
DA:155,0
DA:156,0
DA:157,0
DA:159,0
DA:162,1
DA:163,0
DA:164,0
DA:165,0
DA:167,0
DA:168,0
DA:172,1
DA:173,0
DA:174,0
DA:175,0
DA:176,0
DA:178,0
DA:179,0
DA:183,1
DA:184,0
DA:185,0
DA:186,0
DA:187,0
DA:189,0
DA:190,0
DA:194,1
DA:195,0
DA:196,0
DA:197,0
DA:199,0
DA:200,0
DA:204,1
LF:129
LH:17
BRDA:9,0,0,0
BRDA:9,0,1,0
BRDA:10,1,0,0
BRDA:10,1,1,0
BRDA:11,2,0,0
BRDA:11,2,1,0
BRDA:12,3,0,0
BRDA:12,3,1,0
BRDA:13,4,0,0
BRDA:13,4,1,0
BRDA:14,5,0,0
BRDA:14,5,1,0
BRDA:16,6,0,0
BRDA:16,6,1,0
BRDA:21,7,0,0
BRDA:21,7,1,0
BRDA:26,8,0,0
BRDA:26,8,1,0
BRDA:31,9,0,0
BRDA:31,9,1,0
BRDA:33,10,0,0
BRDA:33,10,1,0
BRDA:40,11,0,0
BRDA:40,11,1,0
BRDA:51,12,0,0
BRDA:51,12,1,0
BRDA:52,13,0,0
BRDA:52,13,1,0
BRDA:76,14,0,0
BRDA:76,14,1,0
BRDA:79,15,0,0
BRDA:79,15,1,0
BRDA:96,16,0,0
BRDA:96,16,1,0
BRDA:106,17,0,0
BRDA:106,17,1,0
BRDA:117,18,0,0
BRDA:117,18,1,0
BRDA:117,19,0,0
BRDA:117,19,1,0
BRDA:117,19,2,0
BRDA:118,20,0,0
BRDA:118,20,1,0
BRDA:121,21,0,0
BRDA:121,21,1,0
BRDA:121,22,0,0
BRDA:121,22,1,0
BRDA:121,23,0,0
BRDA:121,23,1,0
BRDA:121,24,0,0
BRDA:121,24,1,0
BRDA:121,25,0,0
BRDA:121,25,1,0
BRDA:121,26,0,0
BRDA:121,26,1,0
BRDA:121,27,0,0
BRDA:121,27,1,0
BRDA:123,28,0,0
BRDA:123,28,1,0
BRDA:141,29,0,0
BRDA:141,29,1,0
BRDA:157,30,0,0
BRDA:157,30,1,0
BRF:63
BRH:0
end_of_record
TN:
SF:src\features\books\book.routes.js
FNF:0
FNH:0
DA:1,1
DA:2,1
DA:3,1
DA:4,1
DA:5,1
DA:6,1
DA:7,1
DA:8,1
DA:10,1
DA:11,1
DA:14,1
DA:16,1
DA:17,1
DA:18,1
DA:19,1
DA:20,1
DA:21,1
DA:22,1
DA:23,1
DA:24,1
DA:26,1
LF:21
LH:21
BRF:0
BRH:0
end_of_record
TN:
SF:src\features\books\book.service.js
FN:4,(anonymous_0)
FN:21,(anonymous_1)
FN:30,(anonymous_2)
FN:44,(anonymous_3)
FN:49,(anonymous_4)
FN:83,(anonymous_5)
FN:87,(anonymous_6)
FN:94,(anonymous_7)
FN:99,(anonymous_8)
FN:103,(anonymous_9)
FN:107,(anonymous_10)
FNF:11
FNH:0
FNDA:0,(anonymous_0)
FNDA:0,(anonymous_1)
FNDA:0,(anonymous_2)
FNDA:0,(anonymous_3)
FNDA:0,(anonymous_4)
FNDA:0,(anonymous_5)
FNDA:0,(anonymous_6)
FNDA:0,(anonymous_7)
FNDA:0,(anonymous_8)
FNDA:0,(anonymous_9)
FNDA:0,(anonymous_10)
DA:1,1
DA:5,0
DA:6,0
DA:7,0
DA:8,0
DA:10,0
DA:15,0
DA:16,0
DA:17,0
DA:22,0
DA:23,0
DA:24,0
DA:26,0
DA:27,0
DA:29,0
DA:30,0
DA:45,0
DA:46,0
DA:50,0
DA:51,0
DA:52,0
DA:54,0
DA:55,0
DA:56,0
DA:58,0
DA:59,0
DA:61,0
DA:62,0
DA:67,0
DA:73,0
DA:74,0
DA:75,0
DA:76,0
DA:80,0
DA:84,0
DA:85,0
DA:86,0
DA:87,0
DA:88,0
DA:91,0
DA:95,0
DA:96,0
DA:100,0
DA:104,0
DA:108,0
DA:109,0
DA:113,1
LF:47
LH:2
BRDA:5,0,0,0
BRDA:5,0,1,0
BRDA:6,1,0,0
BRDA:6,1,1,0
BRDA:7,2,0,0
BRDA:7,2,1,0
BRDA:12,3,0,0
BRDA:12,3,1,0
BRDA:12,4,0,0
BRDA:12,4,1,0
BRDA:12,5,0,0
BRDA:12,5,1,0
BRDA:12,6,0,0
BRDA:12,6,1,0
BRDA:12,7,0,0
BRDA:12,7,1,0
BRDA:12,8,0,0
BRDA:12,8,1,0
BRDA:12,9,0,0
BRDA:12,9,1,0
BRDA:16,10,0,0
BRDA:16,10,1,0
BRDA:21,11,0,0
BRDA:21,12,0,0
BRDA:23,13,0,0
BRDA:23,13,1,0
BRDA:26,14,0,0
BRDA:26,14,1,0
BRDA:50,15,0,0
BRDA:50,15,1,0
BRDA:51,16,0,0
BRDA:51,16,1,0
BRDA:56,17,0,0
BRDA:56,17,1,0
BRDA:61,18,0,0
BRDA:61,18,1,0
BRDA:64,19,0,0
BRDA:64,19,1,0
BRDA:64,20,0,0
BRDA:64,20,1,0
BRDA:64,21,0,0
BRDA:64,21,1,0
BRDA:64,22,0,0
BRDA:64,22,1,0
BRDA:64,23,0,0
BRDA:64,23,1,0
BRDA:64,24,0,0
BRDA:64,24,1,0
BRDA:64,25,0,0
BRDA:64,25,1,0
BRDA:69,26,0,0
BRDA:69,26,1,0
BRDA:69,27,0,0
BRDA:69,27,1,0
BRDA:69,28,0,0
BRDA:69,28,1,0
BRDA:69,29,0,0
BRDA:69,29,1,0
BRDA:69,30,0,0
BRDA:69,30,1,0
BRDA:69,31,0,0
BRDA:69,31,1,0
BRDA:69,32,0,0
BRDA:69,32,1,0
BRDA:73,33,0,0
BRDA:73,33,1,0
BRDA:86,34,0,0
BRDA:86,34,1,0
BRF:68
BRH:0
end_of_record
TN:
SF:src\features\captcha\captcha.controller.js
FN:5,(anonymous_0)
FNF:1
FNH:0
FNDA:0,(anonymous_0)
DA:1,1
DA:2,1
DA:3,1
DA:5,1
DA:6,0
DA:7,0
DA:17,0
DA:20,0
DA:23,0
DA:28,0
DA:34,0
DA:35,0
DA:39,1
LF:13
LH:5
BRF:0
BRH:0
end_of_record
TN:
SF:src\features\captcha\captcha.routes.js
FNF:0
FNH:0
DA:1,1
DA:2,1
DA:3,1
DA:5,1
DA:7,1
LF:5
LH:5
BRF:0
BRH:0
end_of_record
TN:
SF:src\features\issues\issue.controller.js
FN:7,(anonymous_0)
FN:50,(anonymous_1)
FN:95,(anonymous_2)
FN:122,(anonymous_3)
FN:155,(anonymous_4)
FN:166,(anonymous_5)
FN:177,(anonymous_6)
FN:206,(anonymous_7)
FN:233,(anonymous_8)
FN:278,(anonymous_9)
FN:285,(anonymous_10)
FN:309,(anonymous_11)
FNF:12
FNH:0
FNDA:0,(anonymous_0)
FNDA:0,(anonymous_1)
FNDA:0,(anonymous_2)
FNDA:0,(anonymous_3)
FNDA:0,(anonymous_4)
FNDA:0,(anonymous_5)
FNDA:0,(anonymous_6)
FNDA:0,(anonymous_7)
FNDA:0,(anonymous_8)
FNDA:0,(anonymous_9)
FNDA:0,(anonymous_10)
FNDA:0,(anonymous_11)
DA:1,1
DA:2,1
DA:3,1
DA:4,1
DA:7,1
DA:8,0
DA:9,0
DA:10,0
DA:12,0
DA:13,0
DA:14,0
DA:15,0
DA:16,0
DA:17,0
DA:18,0
DA:20,0
DA:21,0
DA:22,0
DA:24,0
DA:25,0
DA:28,0
DA:29,0
DA:32,0
DA:34,0
DA:35,0
DA:37,0
DA:39,0
DA:40,0
DA:42,0
DA:44,0
DA:45,0
DA:50,1
DA:51,0
DA:52,0
DA:54,0
DA:55,0
DA:56,0
DA:58,0
DA:60,0
DA:61,0
DA:62,0
DA:63,0
DA:64,0
DA:66,0
DA:67,0
DA:70,0
DA:71,0
DA:72,0
DA:74,0
DA:75,0
DA:77,0
DA:78,0
DA:79,0
DA:81,0
DA:83,0
DA:86,0
DA:87,0
DA:89,0
DA:90,0
DA:95,1
DA:96,0
DA:97,0
DA:98,0
DA:99,0
DA:100,0
DA:102,0
DA:103,0
DA:104,0
DA:105,0
DA:106,0
DA:107,0
DA:109,0
DA:111,0
DA:112,0
DA:114,0
DA:116,0
DA:117,0
DA:122,1
DA:123,0
DA:124,0
DA:126,0
DA:127,0
DA:129,0
DA:131,0
DA:132,0
DA:133,0
DA:135,0
DA:138,0
DA:139,0
DA:140,0
DA:141,0
DA:144,0
DA:145,0
DA:147,0
DA:149,0
DA:150,0
DA:155,1
DA:156,0
DA:157,0
DA:158,0
DA:160,0
DA:161,0
DA:166,1
DA:167,0
DA:168,0
DA:169,0
DA:171,0
DA:172,0
DA:177,1
DA:178,0
DA:179,0
DA:180,0
DA:181,0
DA:183,0
DA:185,0
DA:187,0
DA:189,0
DA:190,0
DA:191,0
DA:192,0
DA:195,0
DA:196,0
DA:198,0
DA:200,0
DA:201,0
DA:206,1
DA:207,0
DA:208,0
DA:209,0
DA:210,0
DA:211,0
DA:213,0
DA:214,0
DA:215,0
DA:216,0
DA:217,0
DA:218,0
DA:220,0
DA:222,0
DA:223,0
DA:225,0
DA:227,0
DA:228,0
DA:233,1
DA:234,0
DA:235,0
DA:236,0
DA:237,0
DA:238,0
DA:239,0
DA:240,0
DA:270,0
DA:272,0
DA:273,0
DA:278,1
DA:279,0
DA:280,0
DA:282,0
DA:283,0
DA:285,0
DA:286,0
DA:287,0
DA:288,0
DA:289,0
DA:290,0
DA:291,0
DA:293,0
DA:296,0
DA:298,0
DA:301,0
DA:303,0
DA:304,0
DA:309,1
DA:310,0
DA:311,0
DA:312,0
DA:313,0
DA:315,0
DA:317,0
DA:318,0
DA:320,0
DA:321,0
DA:322,0
DA:323,0
DA:324,0
DA:325,0
DA:326,0
DA:327,0
DA:328,0
DA:329,0
DA:331,0
DA:332,0
DA:335,0
DA:336,0
DA:337,0
DA:339,0
DA:340,0
DA:342,0
DA:343,0
DA:347,1
LF:200
LH:16
BRDA:8,0,0,0
BRDA:8,0,1,0
BRDA:9,1,0,0
BRDA:9,1,1,0
BRDA:10,2,0,0
BRDA:10,2,1,0
BRDA:10,3,0,0
BRDA:10,3,1,0
BRDA:20,4,0,0
BRDA:20,4,1,0
BRDA:21,5,0,0
BRDA:21,5,1,0
BRDA:22,6,0,0
BRDA:22,6,1,0
BRDA:24,7,0,0
BRDA:24,7,1,0
BRDA:28,8,0,0
BRDA:28,8,1,0
BRDA:28,9,0,0
BRDA:28,9,1,0
BRDA:32,10,0,0
BRDA:32,10,1,0
BRDA:51,11,0,0
BRDA:51,11,1,0
BRDA:52,12,0,0
BRDA:52,12,1,0
BRDA:58,13,0,0
BRDA:58,13,1,0
BRDA:58,14,0,0
BRDA:58,14,1,0
BRDA:58,14,2,0
BRDA:66,15,0,0
BRDA:66,15,1,0
BRDA:77,16,0,0
BRDA:77,16,1,0
BRDA:77,17,0,0
BRDA:77,17,1,0
BRDA:96,18,0,0
BRDA:96,18,1,0
BRDA:100,19,0,0
BRDA:100,19,1,0
BRDA:100,20,0,0
BRDA:100,20,1,0
BRDA:100,20,2,0
BRDA:107,21,0,0
BRDA:107,21,1,0
BRDA:123,22,0,0
BRDA:123,22,1,0
BRDA:124,23,0,0
BRDA:124,23,1,0
BRDA:129,24,0,0
BRDA:129,24,1,0
BRDA:129,25,0,0
BRDA:129,25,1,0
BRDA:129,25,2,0
BRDA:129,25,3,0
BRDA:132,26,0,0
BRDA:132,26,1,0
BRDA:138,27,0,0
BRDA:138,27,1,0
BRDA:183,28,0,0
BRDA:183,28,1,0
BRDA:189,29,0,0
BRDA:189,29,1,0
BRDA:207,30,0,0
BRDA:207,30,1,0
BRDA:211,31,0,0
BRDA:211,31,1,0
BRDA:211,32,0,0
BRDA:211,32,1,0
BRDA:218,33,0,0
BRDA:218,33,1,0
BRDA:238,34,0,0
BRDA:238,34,1,0
BRDA:238,35,0,0
BRDA:238,35,1,0
BRDA:286,36,0,0
BRDA:286,36,1,0
BRDA:288,37,0,0
BRDA:288,37,1,0
BRDA:315,38,0,0
BRDA:315,38,1,0
BRDA:318,39,0,0
BRDA:318,39,1,0
BRDA:322,40,0,0
BRDA:322,40,1,0
BRDA:326,41,0,0
BRDA:326,41,1,0
BRDA:331,42,0,0
BRDA:331,42,1,0
BRF:90
BRH:0
end_of_record
TN:
SF:src\features\issues\issue.routes.js
FNF:0
FNH:0
DA:1,1
DA:2,1
DA:3,1
DA:4,1
DA:5,1
DA:8,1
DA:9,1
DA:10,1
DA:11,1
DA:12,1
DA:13,1
DA:14,1
DA:16,1
DA:17,1
DA:19,1
DA:20,1
DA:22,1
LF:17
LH:17
BRF:0
BRH:0
end_of_record
TN:
SF:src\features\members\member.controller.js
FN:9,(anonymous_0)
FN:108,(anonymous_1)
FN:117,(anonymous_2)
FN:133,(anonymous_3)
FN:153,(anonymous_4)
FN:171,(anonymous_5)
FN:184,(anonymous_6)
FN:185,(anonymous_7)
FN:186,(anonymous_8)
FN:197,(anonymous_9)
FN:292,(anonymous_10)
FN:309,(anonymous_11)
FN:316,(anonymous_12)
FN:379,(anonymous_13)
FN:395,(anonymous_14)
FN:405,(anonymous_15)
FN:419,(anonymous_16)
FN:433,(anonymous_17)
FNF:18
FNH:0
FNDA:0,(anonymous_0)
FNDA:0,(anonymous_1)
FNDA:0,(anonymous_2)
FNDA:0,(anonymous_3)
FNDA:0,(anonymous_4)
FNDA:0,(anonymous_5)
FNDA:0,(anonymous_6)
FNDA:0,(anonymous_7)
FNDA:0,(anonymous_8)
FNDA:0,(anonymous_9)
FNDA:0,(anonymous_10)
FNDA:0,(anonymous_11)
FNDA:0,(anonymous_12)
FNDA:0,(anonymous_13)
FNDA:0,(anonymous_14)
FNDA:0,(anonymous_15)
FNDA:0,(anonymous_16)
FNDA:0,(anonymous_17)
DA:1,1
DA:2,1
DA:3,1
DA:4,1
DA:5,1
DA:6,1
DA:9,1
DA:10,0
DA:11,0
DA:12,0
DA:13,0
DA:14,0
DA:15,0
DA:16,0
DA:17,0
DA:18,0
DA:19,0
DA:20,0
DA:21,0
DA:22,0
DA:23,0
DA:24,0
DA:25,0
DA:26,0
DA:27,0
DA:28,0
DA:29,0
DA:30,0
DA:31,0
DA:32,0
DA:33,0
DA:34,0
DA:35,0
DA:36,0
DA:37,0
DA:38,0
DA:39,0
DA:40,0
DA:41,0
DA:42,0
DA:43,0
DA:44,0
DA:45,0
DA:46,0
DA:49,0
DA:50,0
DA:53,0
DA:54,0
DA:55,0
DA:56,0
DA:57,0
DA:58,0
DA:60,0
DA:61,0
DA:64,0
DA:65,0
DA:66,0
DA:67,0
DA:71,0
DA:72,0
DA:73,0
DA:74,0
DA:76,0
DA:77,0
DA:94,0
DA:95,0
DA:97,0
DA:99,0
DA:100,0
DA:102,0
DA:103,0
DA:108,1
DA:109,0
DA:110,0
DA:111,0
DA:113,0
DA:117,1
DA:118,0
DA:119,0
DA:120,0
DA:121,0
DA:122,0
DA:124,0
DA:126,0
DA:127,0
DA:129,0
DA:131,0
DA:134,0
DA:135,0
DA:137,0
DA:147,0
DA:148,0
DA:153,1
DA:154,0
DA:155,0
DA:156,0
DA:158,0
DA:159,0
DA:160,0
DA:163,0
DA:165,0
DA:166,0
DA:171,1
DA:172,0
DA:173,0
DA:174,0
DA:175,0
DA:176,0
DA:177,0
DA:180,0
DA:182,0
DA:184,0
DA:185,0
DA:186,0
DA:189,0
DA:191,0
DA:192,0
DA:197,1
DA:198,0
DA:199,0
DA:200,0
DA:201,0
DA:202,0
DA:203,0
DA:204,0
DA:205,0
DA:206,0
DA:207,0
DA:208,0
DA:209,0
DA:210,0
DA:211,0
DA:212,0
DA:213,0
DA:214,0
DA:215,0
DA:216,0
DA:217,0
DA:218,0
DA:219,0
DA:220,0
DA:221,0
DA:222,0
DA:223,0
DA:224,0
DA:225,0
DA:226,0
DA:227,0
DA:228,0
DA:229,0
DA:230,0
DA:231,0
DA:232,0
DA:234,0
DA:235,0
DA:238,0
DA:239,0
DA:240,0
DA:241,0
DA:242,0
DA:243,0
DA:245,0
DA:246,0
DA:249,0
DA:250,0
DA:251,0
DA:252,0
DA:256,0
DA:257,0
DA:258,0
DA:259,0
DA:260,0
DA:262,0
DA:278,0
DA:279,0
DA:284,0
DA:286,0
DA:287,0
DA:292,1
DA:293,0
DA:294,0
DA:295,0
DA:296,0
DA:298,0
DA:299,0
DA:301,0
DA:303,0
DA:304,0
DA:309,1
DA:310,0
DA:312,0
DA:313,0
DA:316,0
DA:319,0
DA:320,0
DA:323,0
DA:325,0
DA:326,0
DA:338,0
DA:340,0
DA:341,0
DA:342,0
DA:345,0
DA:347,0
DA:348,0
DA:364,0
DA:366,0
DA:367,0
DA:371,0
DA:372,0
DA:373,0
DA:376,0
DA:379,1
DA:380,0
DA:381,0
DA:382,0
DA:383,0
DA:384,0
DA:385,0
DA:386,0
DA:388,0
DA:390,0
DA:391,0
DA:395,1
DA:396,0
DA:397,0
DA:398,0
DA:400,0
DA:401,0
DA:405,1
DA:406,0
DA:407,0
DA:409,0
DA:410,0
DA:412,0
DA:414,0
DA:415,0
DA:419,1
DA:420,0
DA:421,0
DA:423,0
DA:424,0
DA:426,0
DA:428,0
DA:429,0
DA:433,1
DA:434,0
DA:436,0
DA:437,0
DA:441,0
DA:442,0
DA:443,0
DA:446,0
DA:448,0
DA:449,0
DA:450,0
DA:453,0
DA:454,0
DA:455,0
DA:457,0
DA:458,0
DA:460,0
DA:463,0
DA:464,0
DA:468,1
LF:265
LH:20
BRDA:16,0,0,0
BRDA:16,0,1,0
BRDA:17,1,0,0
BRDA:17,1,1,0
BRDA:18,2,0,0
BRDA:18,2,1,0
BRDA:19,3,0,0
BRDA:19,3,1,0
BRDA:20,4,0,0
BRDA:20,4,1,0
BRDA:21,5,0,0
BRDA:21,5,1,0
BRDA:22,6,0,0
BRDA:22,6,1,0
BRDA:23,7,0,0
BRDA:23,7,1,0
BRDA:24,8,0,0
BRDA:24,8,1,0
BRDA:25,9,0,0
BRDA:25,9,1,0
BRDA:26,10,0,0
BRDA:26,10,1,0
BRDA:27,11,0,0
BRDA:27,11,1,0
BRDA:28,12,0,0
BRDA:28,12,1,0
BRDA:29,13,0,0
BRDA:29,13,1,0
BRDA:32,14,0,0
BRDA:32,14,1,0
BRDA:33,15,0,0
BRDA:33,15,1,0
BRDA:34,16,0,0
BRDA:34,16,1,0
BRDA:35,17,0,0
BRDA:35,17,1,0
BRDA:36,18,0,0
BRDA:36,18,1,0
BRDA:37,19,0,0
BRDA:37,19,1,0
BRDA:38,20,0,0
BRDA:38,20,1,0
BRDA:39,21,0,0
BRDA:39,21,1,0
BRDA:40,22,0,0
BRDA:40,22,1,0
BRDA:41,23,0,0
BRDA:41,23,1,0
BRDA:42,24,0,0
BRDA:42,24,1,0
BRDA:43,25,0,0
BRDA:43,25,1,0
BRDA:44,26,0,0
BRDA:44,26,1,0
BRDA:45,27,0,0
BRDA:45,27,1,0
BRDA:49,28,0,0
BRDA:49,28,1,0
BRDA:49,29,0,0
BRDA:49,29,1,0
BRDA:57,30,0,0
BRDA:57,30,1,0
BRDA:57,31,0,0
BRDA:57,31,1,0
BRDA:57,31,2,0
BRDA:60,32,0,0
BRDA:60,32,1,0
BRDA:64,33,0,0
BRDA:64,33,1,0
BRDA:66,34,0,0
BRDA:66,34,1,0
BRDA:71,35,0,0
BRDA:71,35,1,0
BRDA:72,36,0,0
BRDA:72,36,1,0
BRDA:73,37,0,0
BRDA:73,37,1,0
BRDA:74,38,0,0
BRDA:74,38,1,0
BRDA:85,39,0,0
BRDA:85,39,1,0
BRDA:86,40,0,0
BRDA:86,40,1,0
BRDA:86,41,0,0
BRDA:86,41,1,0
BRDA:86,41,2,0
BRDA:86,41,3,0
BRDA:89,42,0,0
BRDA:89,42,1,0
BRDA:89,43,0,0
BRDA:89,43,1,0
BRDA:89,44,0,0
BRDA:89,44,1,0
BRDA:99,45,0,0
BRDA:99,45,1,0
BRDA:120,46,0,0
BRDA:120,46,1,0
BRDA:121,47,0,0
BRDA:121,47,1,0
BRDA:126,48,0,0
BRDA:126,48,1,0
BRDA:129,49,0,0
BRDA:129,49,1,0
BRDA:134,50,0,0
BRDA:134,50,1,0
BRDA:134,51,0,0
BRDA:134,51,1,0
BRDA:156,52,0,0
BRDA:156,52,1,0
BRDA:159,53,0,0
BRDA:159,53,1,0
BRDA:159,54,0,0
BRDA:159,54,1,0
BRDA:174,55,0,0
BRDA:174,55,1,0
BRDA:176,56,0,0
BRDA:176,56,1,0
BRDA:176,57,0,0
BRDA:176,57,1,0
BRDA:185,58,0,0
BRDA:185,58,1,0
BRDA:186,59,0,0
BRDA:186,59,1,0
BRDA:204,60,0,0
BRDA:204,60,1,0
BRDA:205,61,0,0
BRDA:205,61,1,0
BRDA:206,62,0,0
BRDA:206,62,1,0
BRDA:207,63,0,0
BRDA:207,63,1,0
BRDA:208,64,0,0
BRDA:208,64,1,0
BRDA:209,65,0,0
BRDA:209,65,1,0
BRDA:210,66,0,0
BRDA:210,66,1,0
BRDA:211,67,0,0
BRDA:211,67,1,0
BRDA:212,68,0,0
BRDA:212,68,1,0
BRDA:213,69,0,0
BRDA:213,69,1,0
BRDA:214,70,0,0
BRDA:214,70,1,0
BRDA:215,71,0,0
BRDA:215,71,1,0
BRDA:216,72,0,0
BRDA:216,72,1,0
BRDA:217,73,0,0
BRDA:217,73,1,0
BRDA:220,74,0,0
BRDA:220,74,1,0
BRDA:221,75,0,0
BRDA:221,75,1,0
BRDA:222,76,0,0
BRDA:222,76,1,0
BRDA:223,77,0,0
BRDA:223,77,1,0
BRDA:224,78,0,0
BRDA:224,78,1,0
BRDA:225,79,0,0
BRDA:225,79,1,0
BRDA:226,80,0,0
BRDA:226,80,1,0
BRDA:227,81,0,0
BRDA:227,81,1,0
BRDA:228,82,0,0
BRDA:228,82,1,0
BRDA:229,83,0,0
BRDA:229,83,1,0
BRDA:230,84,0,0
BRDA:230,84,1,0
BRDA:231,85,0,0
BRDA:231,85,1,0
BRDA:234,86,0,0
BRDA:234,86,1,0
BRDA:234,87,0,0
BRDA:234,87,1,0
BRDA:242,88,0,0
BRDA:242,88,1,0
BRDA:242,89,0,0
BRDA:242,89,1,0
BRDA:242,89,2,0
BRDA:245,90,0,0
BRDA:245,90,1,0
BRDA:249,91,0,0
BRDA:249,91,1,0
BRDA:251,92,0,0
BRDA:251,92,1,0
BRDA:257,93,0,0
BRDA:257,93,1,0
BRDA:258,94,0,0
BRDA:258,94,1,0
BRDA:259,95,0,0
BRDA:259,95,1,0
BRDA:260,96,0,0
BRDA:260,96,1,0
BRDA:271,97,0,0
BRDA:271,97,1,0
BRDA:271,98,0,0
BRDA:271,98,1,0
BRDA:271,98,2,0
BRDA:271,98,3,0
BRDA:274,99,0,0
BRDA:274,99,1,0
BRDA:274,100,0,0
BRDA:274,100,1,0
BRDA:274,101,0,0
BRDA:274,101,1,0
BRDA:278,102,0,0
BRDA:278,102,1,0
BRDA:278,103,0,0
BRDA:278,103,1,0
BRDA:278,103,2,0
BRDA:278,103,3,0
BRDA:281,104,0,0
BRDA:281,104,1,0
BRDA:281,105,0,0
BRDA:281,105,1,0
BRDA:281,106,0,0
BRDA:281,106,1,0
BRDA:281,107,0,0
BRDA:281,107,1,0
BRDA:295,108,0,0
BRDA:295,108,1,0
BRDA:310,109,0,0
BRDA:310,109,1,0
BRDA:319,110,0,0
BRDA:319,110,1,0
BRDA:319,111,0,0
BRDA:319,111,1,0
BRDA:340,112,0,0
BRDA:340,112,1,0
BRDA:340,113,0,0
BRDA:340,113,1,0
BRDA:341,114,0,0
BRDA:341,114,1,0
BRDA:345,115,0,0
BRDA:345,115,1,0
BRDA:351,116,0,0
BRDA:351,116,1,0
BRDA:352,117,0,0
BRDA:352,117,1,0
BRDA:352,118,0,0
BRDA:352,118,1,0
BRDA:352,119,0,0
BRDA:352,119,1,0
BRDA:352,120,0,0
BRDA:352,120,1,0
BRDA:353,121,0,0
BRDA:353,121,1,0
BRDA:353,122,0,0
BRDA:353,122,1,0
BRDA:353,123,0,0
BRDA:353,123,1,0
BRDA:353,124,0,0
BRDA:353,124,1,0
BRDA:353,125,0,0
BRDA:353,125,1,0
BRDA:353,126,0,0
BRDA:353,126,1,0
BRDA:354,127,0,0
BRDA:354,127,1,0
BRDA:354,128,0,0
BRDA:354,128,1,0
BRDA:354,129,0,0
BRDA:354,129,1,0
BRDA:354,130,0,0
BRDA:354,130,1,0
BRDA:354,131,0,0
BRDA:354,131,1,0
BRDA:354,132,0,0
BRDA:354,132,1,0
BRDA:355,133,0,0
BRDA:355,133,1,0
BRDA:355,134,0,0
BRDA:355,134,1,0
BRDA:355,135,0,0
BRDA:355,135,1,0
BRDA:356,136,0,0
BRDA:356,136,1,0
BRDA:357,137,0,0
BRDA:357,137,1,0
BRDA:357,138,0,0
BRDA:357,138,1,0
BRDA:357,138,2,0
BRDA:358,139,0,0
BRDA:358,139,1,0
BRDA:358,140,0,0
BRDA:358,140,1,0
BRDA:358,141,0,0
BRDA:358,141,1,0
BRDA:359,142,0,0
BRDA:359,142,1,0
BRDA:359,143,0,0
BRDA:359,143,1,0
BRDA:359,144,0,0
BRDA:359,144,1,0
BRDA:360,145,0,0
BRDA:360,145,1,0
BRDA:360,146,0,0
BRDA:360,146,1,0
BRDA:360,147,0,0
BRDA:360,147,1,0
BRDA:361,148,0,0
BRDA:361,148,1,0
BRDA:361,149,0,0
BRDA:361,149,1,0
BRDA:361,150,0,0
BRDA:361,150,1,0
BRDA:361,151,0,0
BRDA:361,151,1,0
BRDA:366,152,0,0
BRDA:366,152,1,0
BRDA:371,153,0,0
BRDA:371,153,1,0
BRDA:386,154,0,0
BRDA:386,154,1,0
BRDA:436,155,0,0
BRDA:436,155,1,0
BRDA:436,156,0,0
BRDA:436,156,1,0
BRDA:436,156,2,0
BRDA:442,157,0,0
BRDA:442,157,1,0
BRDA:449,158,0,0
BRDA:449,158,1,0
BRDA:453,159,0,0
BRDA:453,159,1,0
BRDA:453,159,2,0
BRDA:457,160,0,0
BRDA:457,160,1,0
BRF:333
BRH:0
end_of_record
TN:
SF:src\features\members\member.routes.js
FN:9,(anonymous_0)
FN:17,(anonymous_1)
FNF:2
FNH:0
FNDA:0,(anonymous_0)
FNDA:0,(anonymous_1)
DA:1,1
DA:2,1
DA:3,1
DA:4,1
DA:5,1
DA:6,1
DA:7,1
DA:9,1
DA:10,0
DA:11,0
DA:17,0
DA:18,0
DA:19,0
DA:20,0
DA:22,0
DA:23,0
DA:28,1
DA:29,1
DA:30,1
DA:31,1
DA:33,1
DA:34,1
DA:35,1
DA:36,1
DA:37,1
DA:38,1
DA:39,1
DA:40,1
DA:41,1
DA:43,1
LF:30
LH:22
BRDA:18,0,0,0
BRDA:18,0,1,0
BRF:2
BRH:0
end_of_record
TN:
SF:src\features\notes\notes.controller.js
FN:3,(anonymous_0)
FN:19,(anonymous_1)
FNF:2
FNH:0
FNDA:0,(anonymous_0)
FNDA:0,(anonymous_1)
DA:1,1
DA:3,1
DA:4,0
DA:5,0
DA:6,0
DA:7,0
DA:8,0
DA:9,0
DA:11,0
DA:14,0
DA:15,0
DA:19,1
DA:20,0
DA:21,0
DA:22,0
DA:23,0
DA:24,0
DA:25,0
DA:27,0
DA:30,0
DA:33,0
DA:34,0
LF:22
LH:3
BRDA:6,0,0,0
BRDA:6,0,1,0
BRDA:7,1,0,0
BRDA:7,1,1,0
BRDA:8,2,0,0
BRDA:8,2,1,0
BRDA:23,3,0,0
BRDA:23,3,1,0
BRDA:24,4,0,0
BRDA:24,4,1,0
BRF:10
BRH:0
end_of_record
TN:
SF:src\features\notes\notes.routes.js
FNF:0
FNH:0
DA:1,1
DA:2,1
DA:3,1
DA:5,1
DA:6,1
DA:8,1
LF:6
LH:6
BRF:0
BRH:0
end_of_record
TN:
SF:src\features\sessions\session.controller.js
FN:7,(anonymous_0)
FN:32,(anonymous_1)
FN:81,(anonymous_2)
FN:87,(anonymous_3)
FN:102,(anonymous_4)
FN:133,(anonymous_5)
FN:161,(anonymous_6)
FN:162,(anonymous_7)
FN:163,(anonymous_8)
FN:168,(anonymous_9)
FN:187,(anonymous_10)
FNF:11
FNH:0
FNDA:0,(anonymous_0)
FNDA:0,(anonymous_1)
FNDA:0,(anonymous_2)
FNDA:0,(anonymous_3)
FNDA:0,(anonymous_4)
FNDA:0,(anonymous_5)
FNDA:0,(anonymous_6)
FNDA:0,(anonymous_7)
FNDA:0,(anonymous_8)
FNDA:0,(anonymous_9)
FNDA:0,(anonymous_10)
DA:1,1
DA:2,1
DA:7,1
DA:8,0
DA:9,0
DA:10,0
DA:11,0
DA:13,0
DA:15,0
DA:27,0
DA:28,0
DA:29,0
DA:32,0
DA:34,0
DA:35,0
DA:36,0
DA:38,0
DA:39,0
DA:40,0
DA:41,0
DA:44,0
DA:57,0
DA:58,0
DA:69,0
DA:74,0
DA:81,1
DA:82,0
DA:83,0
DA:84,0
DA:85,0
DA:87,0
DA:94,0
DA:95,0
DA:102,1
DA:103,0
DA:104,0
DA:105,0
DA:106,0
DA:107,0
DA:110,0
DA:111,0
DA:112,0
DA:116,0
DA:117,0
DA:121,0
DA:123,0
DA:125,0
DA:126,0
DA:133,1
DA:134,0
DA:136,0
DA:144,0
DA:145,0
DA:146,0
DA:147,0
DA:148,0
DA:150,0
DA:161,0
DA:162,0
DA:163,0
DA:168,0
DA:176,0
DA:180,0
DA:187,1
DA:188,0
DA:189,0
DA:191,0
DA:192,0
DA:195,0
DA:196,0
DA:197,0
DA:199,0
DA:200,0
DA:204,1
LF:74
LH:8
BRDA:9,0,0,0
BRDA:9,0,1,0
BRDA:10,1,0,0
BRDA:10,1,1,0
BRDA:16,2,0,0
BRDA:16,2,1,0
BRDA:17,3,0,0
BRDA:17,3,1,0
BRDA:18,4,0,0
BRDA:18,4,1,0
BRDA:19,5,0,0
BRDA:19,5,1,0
BRDA:20,6,0,0
BRDA:20,6,1,0
BRDA:21,7,0,0
BRDA:21,7,1,0
BRDA:22,8,0,0
BRDA:22,8,1,0
BRDA:28,9,0,0
BRDA:28,9,1,0
BRDA:29,10,0,0
BRDA:29,10,1,0
BRDA:39,11,0,0
BRDA:39,11,1,0
BRDA:40,12,0,0
BRDA:40,12,1,0
BRDA:41,13,0,0
BRDA:41,13,1,0
BRDA:50,14,0,0
BRDA:50,14,1,0
BRDA:51,15,0,0
BRDA:51,15,1,0
BRDA:52,16,0,0
BRDA:52,16,1,0
BRDA:53,17,0,0
BRDA:53,17,1,0
BRDA:106,18,0,0
BRDA:106,18,1,0
BRDA:111,19,0,0
BRDA:111,19,1,0
BRDA:116,20,0,0
BRDA:116,20,1,0
BRDA:161,21,0,0
BRDA:161,21,1,0
BRDA:162,22,0,0
BRDA:162,22,1,0
BRDA:188,23,0,0
BRDA:188,23,1,0
BRDA:191,24,0,0
BRDA:191,24,1,0
BRDA:196,25,0,0
BRDA:196,25,1,0
BRF:52
BRH:0
end_of_record
TN:
SF:src\middlewares\audit.middleware.js
FN:9,(anonymous_0)
FN:10,(anonymous_1)
FN:14,(anonymous_2)
FN:44,(anonymous_3)
FNF:4
FNH:1
FNDA:30,(anonymous_0)
FNDA:0,(anonymous_1)
FNDA:0,(anonymous_2)
FNDA:0,(anonymous_3)
DA:1,1
DA:2,1
DA:9,1
DA:10,30
DA:12,0
DA:14,0
DA:16,0
DA:17,0
DA:18,0
DA:27,0
DA:35,0
DA:36,0
DA:37,0
DA:38,0
DA:39,0
DA:40,0
DA:41,0
DA:43,0
DA:44,0
DA:47,0
DA:50,0
DA:54,1
LF:22
LH:5
BRDA:16,0,0,0
BRDA:16,0,1,0
BRDA:16,1,0,0
BRDA:16,1,1,0
BRDA:17,2,0,0
BRDA:17,2,1,0
BRDA:28,3,0,0
BRDA:28,3,1,0
BRDA:35,4,0,0
BRDA:35,4,1,0
BRDA:36,5,0,0
BRDA:36,5,1,0
BRDA:38,6,0,0
BRDA:38,6,1,0
BRDA:40,7,0,0
BRDA:40,7,1,0
BRDA:40,8,0,0
BRDA:40,8,1,0
BRDA:40,8,2,0
BRF:19
BRH:0
end_of_record
TN:
SF:src\middlewares\auth.middleware.js
FN:20,(anonymous_0)
FN:43,(anonymous_1)
FN:55,(anonymous_2)
FN:56,(anonymous_3)
FNF:4
FNH:1
FNDA:0,(anonymous_0)
FNDA:0,(anonymous_1)
FNDA:52,(anonymous_2)
FNDA:0,(anonymous_3)
DA:1,1
DA:2,1
DA:3,1
DA:5,1
DA:7,1
DA:8,1
DA:9,1
DA:10,0
DA:11,0
DA:15,1
DA:20,1
DA:22,0
DA:24,0
DA:25,0
DA:28,0
DA:30,0
DA:31,0
DA:32,0
DA:36,0
DA:39,0
DA:42,0
DA:43,0
DA:45,0
DA:47,0
DA:55,1
DA:56,52
DA:57,0
DA:58,0
DA:61,0
DA:62,0
DA:67,0
DA:71,1
LF:32
LH:12
BRDA:9,0,0,0
BRDA:9,0,1,1
BRDA:22,1,0,0
BRDA:22,1,1,0
BRDA:22,1,2,0
BRDA:24,2,0,0
BRDA:24,2,1,0
BRDA:31,3,0,0
BRDA:31,3,1,0
BRDA:31,4,0,0
BRDA:31,4,1,0
BRDA:57,5,0,0
BRDA:57,5,1,0
BRDA:61,6,0,0
BRDA:61,6,1,0
BRF:15
BRH:1
end_of_record
TN:
SF:src\middlewares\cache.middleware.js
FN:7,(anonymous_0)
FN:8,(anonymous_1)
FN:42,(anonymous_2)
FN:46,(anonymous_3)
FNF:4
FNH:1
FNDA:4,(anonymous_0)
FNDA:0,(anonymous_1)
FNDA:0,(anonymous_2)
FNDA:0,(anonymous_3)
DA:1,1
DA:7,1
DA:8,4
DA:10,0
DA:11,0
DA:15,0
DA:16,0
DA:21,0
DA:23,0
DA:25,0
DA:27,0
DA:29,0
DA:31,0
DA:32,0
DA:36,0
DA:39,0
DA:42,0
DA:44,0
DA:45,0
DA:46,0
DA:50,0
DA:53,0
DA:55,0
DA:57,0
DA:62,1
LF:25
LH:4
BRDA:7,0,0,0
BRDA:10,1,0,0
BRDA:10,1,1,0
BRDA:15,2,0,0
BRDA:15,2,1,0
BRDA:21,3,0,0
BRDA:21,3,1,0
BRDA:27,4,0,0
BRDA:27,4,1,0
BRDA:44,5,0,0
BRDA:44,5,1,0
BRDA:44,6,0,0
BRDA:44,6,1,0
BRF:13
BRH:0
end_of_record
TN:
SF:src\middlewares\caseConverter.middleware.js
FN:1,(anonymous_0)
FN:2,(anonymous_1)
FN:5,(anonymous_2)
FN:6,(anonymous_3)
FN:9,(anonymous_4)
FN:13,(anonymous_5)
FN:15,(anonymous_6)
FN:17,(anonymous_7)
FN:28,(anonymous_8)
FN:39,(anonymous_9)
FNF:10
FNH:8
FNDA:10,(anonymous_0)
FNDA:0,(anonymous_1)
FNDA:14,(anonymous_2)
FNDA:6,(anonymous_3)
FNDA:40,(anonymous_4)
FNDA:32,(anonymous_5)
FNDA:0,(anonymous_6)
FNDA:24,(anonymous_7)
FNDA:4,(anonymous_8)
FNDA:4,(anonymous_9)
DA:1,1
DA:2,10
DA:5,1
DA:6,14
DA:9,1
DA:10,40
DA:13,1
DA:14,32
DA:15,0
DA:16,32
DA:17,8
DA:20,24
DA:21,24
DA:22,24
DA:25,24
DA:28,1
DA:30,4
DA:31,4
DA:33,4
DA:34,0
DA:38,4
DA:39,4
DA:41,4
DA:42,4
DA:43,4
DA:45,4
DA:48,4
DA:51,1
LF:28
LH:26
BRDA:10,0,0,40
BRDA:10,0,1,40
BRDA:10,0,2,16
BRDA:14,1,0,0
BRDA:14,1,1,32
BRDA:16,2,0,8
BRDA:16,2,1,24
BRDA:30,3,0,4
BRDA:30,3,1,0
BRDA:30,4,0,4
BRDA:30,4,1,4
BRDA:33,5,0,0
BRDA:33,5,1,4
BRDA:33,6,0,4
BRDA:33,6,1,4
BRDA:41,7,0,4
BRDA:41,7,1,0
BRF:17
BRH:13
end_of_record
TN:
SF:src\middlewares\rateLimiter.middleware.js
FN:5,(anonymous_0)
FN:6,(anonymous_1)
FNF:2
FNH:2
FNDA:7,(anonymous_0)
FNDA:18,(anonymous_1)
DA:1,1
DA:2,1
DA:3,1
DA:5,7
DA:7,18
DA:9,18
DA:10,4
DA:11,0
DA:13,0
DA:18,1
DA:27,1
DA:36,1
DA:45,1
DA:54,1
DA:63,1
DA:72,1
DA:80,1
LF:17
LH:15
BRDA:7,0,0,18
BRDA:7,0,1,0
BRDA:9,1,0,14
BRDA:9,1,1,4
BRDA:9,2,0,18
BRDA:9,2,1,14
BRDA:10,3,0,4
BRDA:10,3,1,0
BRDA:10,4,0,4
BRDA:10,4,1,0
BRF:10
BRH:7
end_of_record
TN:
SF:src\middlewares\security.middleware.js
FN:43,(anonymous_0)
FNF:1
FNH:1
FNDA:4,(anonymous_0)
DA:1,1
DA:3,1
DA:4,1
DA:6,1
DA:9,1
DA:26,1
DA:34,1
DA:39,1
DA:43,1
DA:45,4
DA:46,4
DA:47,4
DA:48,4
DA:58,4
DA:59,4
DA:63,0
DA:65,0
DA:67,0
DA:68,0
DA:75,0
DA:78,1
LF:21
LH:16
BRDA:46,0,0,4
BRDA:46,0,1,0
BRDA:49,1,0,4
BRDA:49,1,1,4
BRDA:58,2,0,4
BRDA:58,2,1,0
BRDA:63,3,0,0
BRDA:63,3,1,0
BRDA:67,4,0,0
BRDA:67,4,1,0
BRDA:67,5,0,0
BRDA:67,5,1,0
BRF:12
BRH:4
end_of_record
TN:
SF:src\middlewares\upload.middleware.js
FN:6,(anonymous_0)
FN:7,(anonymous_1)
FN:12,(anonymous_2)
FN:36,(anonymous_3)
FNF:4
FNH:0
FNDA:0,(anonymous_0)
FNDA:0,(anonymous_1)
FNDA:0,(anonymous_2)
FNDA:0,(anonymous_3)
DA:1,1
DA:2,1
DA:5,1
DA:6,0
DA:7,0
DA:10,1
DA:13,0
DA:14,0
DA:16,0
DA:17,0
DA:20,0
DA:21,0
DA:23,0
DA:24,0
DA:26,0
DA:33,1
DA:34,1
DA:37,0
DA:38,0
DA:39,0
DA:41,0
DA:46,1
LF:22
LH:7
BRDA:23,0,0,0
BRDA:23,0,1,0
BRDA:23,1,0,0
BRDA:23,1,1,0
BRDA:38,2,0,0
BRDA:38,2,1,0
BRDA:38,3,0,0
BRDA:38,3,1,0
BRF:8
BRH:0
end_of_record
TN:
SF:src\middlewares\validation.middleware.js
FN:3,(anonymous_0)
FN:6,(anonymous_1)
FN:33,(anonymous_2)
FN:58,(anonymous_3)
FN:84,(anonymous_4)
FNF:5
FNH:1
FNDA:4,(anonymous_0)
FNDA:0,(anonymous_1)
FNDA:0,(anonymous_2)
FNDA:0,(anonymous_3)
FNDA:0,(anonymous_4)
DA:1,1
DA:3,1
DA:4,4
DA:5,4
DA:6,0
DA:8,0
DA:14,4
DA:18,1
DA:31,1
DA:34,0
DA:35,0
DA:36,0
DA:37,0
DA:56,1
DA:59,0
DA:60,0
DA:62,0
DA:82,1
DA:85,0
DA:86,0
DA:88,0
DA:108,1
LF:22
LH:10
BRDA:5,0,0,0
BRDA:5,0,1,4
BRDA:34,1,0,0
BRDA:34,1,1,0
BRDA:35,2,0,0
BRDA:35,2,1,0
BRDA:36,3,0,0
BRDA:36,3,1,0
BRDA:59,4,0,0
BRDA:59,4,1,0
BRDA:59,5,0,0
BRDA:59,5,1,0
BRDA:59,5,2,0
BRDA:85,6,0,0
BRDA:85,6,1,0
BRDA:85,7,0,0
BRDA:85,7,1,0
BRDA:85,7,2,0
BRF:18
BRH:1
end_of_record
TN:
SF:src\utils\cache.util.js
FN:7,(anonymous_0)
FNF:1
FNH:0
FNDA:0,(anonymous_0)
DA:1,1
DA:7,1
DA:8,0
DA:9,0
DA:10,0
DA:11,0
DA:14,0
DA:15,0
DA:16,0
DA:17,0
DA:20,0
DA:24,1
LF:12
LH:3
BRDA:9,0,0,0
BRDA:9,0,1,0
BRDA:15,1,0,0
BRDA:15,1,1,0
BRDA:15,2,0,0
BRDA:15,2,1,0
BRF:6
BRH:0
end_of_record
TN:
SF:src\utils\email-templates.js
FN:5,(anonymous_0)
FN:17,(anonymous_1)
FN:31,(anonymous_2)
FN:46,(anonymous_3)
FN:61,(anonymous_4)
FN:82,(anonymous_5)
FN:97,(anonymous_6)
FNF:7
FNH:3
FNDA:3,(anonymous_0)
FNDA:1,(anonymous_1)
FNDA:0,(anonymous_2)
FNDA:1,(anonymous_3)
FNDA:0,(anonymous_4)
FNDA:0,(anonymous_5)
FNDA:0,(anonymous_6)
DA:1,1
DA:2,1
DA:5,1
DA:6,3
DA:7,3
DA:9,0
DA:10,0
DA:17,1
DA:18,1
DA:19,1
DA:20,1
DA:22,1
DA:31,1
DA:32,0
DA:33,0
DA:35,0
DA:40,0
DA:46,1
DA:47,1
DA:48,1
DA:50,1
DA:55,1
DA:61,1
DA:62,0
DA:64,0
DA:65,0
DA:66,0
DA:68,0
DA:76,0
DA:82,1
DA:83,0
DA:85,0
DA:91,0
DA:97,1
DA:98,0
DA:99,0
DA:101,0
DA:107,0
DA:110,1
LF:39
LH:20
BRDA:37,0,0,0
BRDA:37,0,1,0
BRDA:46,1,0,0
BRDA:48,2,0,0
BRDA:48,2,1,1
BRDA:51,3,0,1
BRDA:51,3,1,0
BRDA:65,4,0,0
BRDA:65,4,1,0
BRDA:66,5,0,0
BRDA:66,5,1,0
BRDA:70,6,0,0
BRDA:70,6,1,0
BRDA:86,7,0,0
BRDA:86,7,1,0
BRDA:102,8,0,0
BRDA:102,8,1,0
BRF:17
BRH:2
end_of_record
